TN:
SF:./app/js/_.module.js
FN:15,(anonymous_1)
FNF:1
FNH:1
FNDA:1,(anonymous_1)
DA:15,1
DA:19,1
LF:2
LH:2
BRF:0
BRH:0
end_of_record
TN:
SF:./app/js/assets/_.module.js
FN:15,(anonymous_1)
FNF:1
FNH:1
FNDA:1,(anonymous_1)
DA:15,1
DA:19,1
LF:2
LH:2
BRF:0
BRH:0
end_of_record
TN:
SF:./app/js/common/directives/_.module.js
FN:15,(anonymous_1)
FNF:1
FNH:1
FNDA:1,(anonymous_1)
DA:15,1
DA:19,1
LF:2
LH:2
BRF:0
BRH:0
end_of_record
TN:
SF:./app/js/common/filters/_.module.js
FN:15,(anonymous_1)
FNF:1
FNH:1
FNDA:1,(anonymous_1)
DA:15,1
DA:19,1
LF:2
LH:2
BRF:0
BRH:0
end_of_record
TN:
SF:./app/js/common/repositories/_.module.js
FN:15,(anonymous_1)
FNF:1
FNH:1
FNDA:1,(anonymous_1)
DA:15,1
DA:19,1
LF:2
LH:2
BRF:0
BRH:0
end_of_record
TN:
SF:./app/js/common/services/_.module.js
FN:15,(anonymous_1)
FNF:1
FNH:1
FNDA:1,(anonymous_1)
DA:15,1
DA:19,1
LF:2
LH:2
BRF:0
BRH:0
end_of_record
TN:
SF:./app/js/custom-widget/_.module.js
FN:15,(anonymous_1)
FNF:1
FNH:1
FNDA:1,(anonymous_1)
DA:15,1
DA:19,1
LF:2
LH:2
BRF:0
BRH:0
end_of_record
TN:
SF:./app/js/editor/_.module.js
FN:15,(anonymous_1)
FNF:1
FNH:1
FNDA:1,(anonymous_1)
DA:15,1
DA:19,1
LF:2
LH:2
BRF:0
BRH:0
end_of_record
TN:
SF:./app/js/editor/common/_.module.js
FN:15,(anonymous_1)
FNF:1
FNH:1
FNDA:1,(anonymous_1)
DA:15,1
DA:19,1
LF:2
LH:2
BRF:0
BRH:0
end_of_record
TN:
SF:./app/js/editor/data-panel/_.module.js
FN:15,(anonymous_1)
FNF:1
FNH:1
FNDA:1,(anonymous_1)
DA:15,1
DA:19,1
LF:2
LH:2
BRF:0
BRH:0
end_of_record
TN:
SF:./app/js/editor/header/_.module.js
FN:15,(anonymous_1)
FNF:1
FNH:1
FNDA:1,(anonymous_1)
DA:15,1
DA:19,1
LF:2
LH:2
BRF:0
BRH:0
end_of_record
TN:
SF:./app/js/editor/palette/_.module.js
FN:15,(anonymous_1)
FNF:1
FNH:1
FNDA:1,(anonymous_1)
DA:15,1
DA:19,1
LF:2
LH:2
BRF:0
BRH:0
end_of_record
TN:
SF:./app/js/editor/properties-panel/_.module.js
FN:15,(anonymous_1)
FNF:1
FNH:1
FNDA:1,(anonymous_1)
DA:15,1
DA:19,1
LF:2
LH:2
BRF:0
BRH:0
end_of_record
TN:
SF:./app/js/editor/whiteboard/_.module.js
FN:15,(anonymous_1)
FNF:1
FNH:1
FNDA:1,(anonymous_1)
DA:15,1
DA:19,1
LF:2
LH:2
BRF:0
BRH:0
end_of_record
TN:
SF:./app/js/home/_.module.js
FN:15,(anonymous_1)
FNF:1
FNH:1
FNDA:1,(anonymous_1)
DA:15,1
DA:19,1
LF:2
LH:2
BRF:0
BRH:0
end_of_record
TN:
SF:./app/js/home/import/import.module.js
FN:15,(anonymous_1)
FNF:1
FNH:1
FNDA:1,(anonymous_1)
DA:15,1
DA:19,1
LF:2
LH:2
BRF:0
BRH:0
end_of_record
TN:
SF:./app/js/preview/_.module.js
FN:15,(anonymous_1)
FNF:1
FNH:1
FNDA:1,(anonymous_1)
DA:15,1
DA:19,1
LF:2
LH:2
BRF:0
BRH:0
end_of_record
TN:
SF:./app/js/app.config.js
FN:15,(anonymous_1)
FN:30,(anonymous_2)
FN:33,(anonymous_3)
FN:37,configureModule
FN:57,(anonymous_5)
FNF:5
FNH:5
FNDA:1,(anonymous_1)
FNDA:6,(anonymous_2)
FNDA:7,(anonymous_3)
FNDA:6,configureModule
FNDA:48,(anonymous_5)
DA:15,1
DA:20,1
DA:21,1
DA:22,1
DA:23,1
DA:25,1
DA:27,1
DA:33,7
DA:37,1
DA:43,6
DA:45,6
DA:46,6
DA:49,6
DA:54,6
DA:57,6
DA:58,48
DA:61,6
LF:17
LH:17
BRF:0
BRH:0
end_of_record
TN:
SF:./app/js/assets/asset-popup.controller.js
FN:15,(anonymous_1)
FN:23,AssetPopupCtrl
FN:53,(anonymous_3)
FN:53,(anonymous_4)
FN:58,saveExternalAsset
FN:66,hasError
FN:73,onComplete
FN:93,updateSavingAction
FN:97,isExisting
FN:98,hasSameTypeAndName
FN:102,onScope
FN:112,getWarningMessage
FNF:12
FNH:11
FNDA:1,(anonymous_1)
FNDA:16,AssetPopupCtrl
FNDA:8,(anonymous_3)
FNDA:3,(anonymous_4)
FNDA:2,saveExternalAsset
FNDA:2,hasError
FNDA:2,onComplete
FNDA:0,updateSavingAction
FNDA:4,isExisting
FNDA:4,hasSameTypeAndName
FNDA:8,onScope
FNDA:3,getWarningMessage
DA:15,1
DA:19,1
DA:23,1
DA:25,16
DA:27,16
DA:28,16
DA:29,16
DA:32,16
DA:33,16
DA:34,16
DA:37,16
DA:39,16
DA:40,16
DA:41,16
DA:42,16
DA:43,16
DA:44,16
DA:45,16
DA:46,16
DA:49,16
DA:53,16
DA:58,1
DA:59,2
DA:60,1
DA:61,1
DA:66,1
DA:67,2
DA:73,1
DA:76,2
DA:77,2
DA:78,1
DA:83,1
DA:85,2
DA:87,2
DA:93,1
DA:94,0
DA:97,1
DA:98,1
DA:99,4
DA:102,1
DA:103,8
DA:107,4
DA:112,1
DA:113,3
DA:117,3
DA:118,1
DA:120,2
LF:47
LH:46
BRDA:53,1,0,3
BRDA:53,1,1,1
BRDA:59,2,0,1
BRDA:59,2,1,1
BRDA:67,3,0,2
BRDA:67,3,1,2
BRDA:67,3,2,2
BRDA:76,4,0,2
BRDA:76,4,1,0
BRDA:77,5,0,1
BRDA:77,5,1,1
BRDA:99,6,0,4
BRDA:99,6,1,2
BRDA:103,7,0,8
BRDA:103,7,1,4
BRDA:107,8,0,4
BRDA:107,8,1,4
BRDA:107,9,0,4
BRDA:107,9,1,0
BRDA:117,10,0,1
BRDA:117,10,1,2
BRF:21
BRH:19
end_of_record
TN:
SF:./app/js/assets/asset-preview-popup.controller.js
FN:15,(anonymous_1)
FN:17,(anonymous_2)
FN:24,(anonymous_3)
FN:28,getUrl
FNF:4
FNH:4
FNDA:1,(anonymous_1)
FNDA:4,(anonymous_2)
FNDA:1,(anonymous_3)
FNDA:4,getUrl
DA:15,1
DA:17,1
DA:21,4
DA:22,4
DA:24,4
DA:25,1
DA:28,1
DA:29,4
LF:8
LH:8
BRF:0
BRH:0
end_of_record
TN:
SF:./app/js/assets/assets-type.filter.js
FN:15,(anonymous_1)
FN:17,(anonymous_2)
FN:23,(anonymous_3)
FN:24,(anonymous_4)
FNF:4
FNH:4
FNDA:1,(anonymous_1)
FNDA:5,(anonymous_2)
FNDA:5,(anonymous_3)
FNDA:15,(anonymous_4)
DA:15,1
DA:17,1
DA:21,5
DA:23,5
DA:24,5
DA:25,15
LF:6
LH:6
BRDA:25,1,0,3
BRDA:25,1,1,12
BRF:2
BRH:2
end_of_record
TN:
SF:./app/js/assets/assets.controller.js
FN:15,(anonymous_1)
FN:23,AssetCtrl
FN:40,incrementOrderAsset
FN:44,decrementOrderAsset
FN:48,refreshComponentAssets
FN:49,(anonymous_6)
FN:54,deactivateAsset
FN:58,updateInactiveAssetsList
FN:59,(anonymous_9)
FN:61,(anonymous_10)
FN:67,deleteAsset
FN:68,(anonymous_12)
FN:69,(anonymous_13)
FN:75,openAssetPreviewPopup
FN:80,(anonymous_15)
FN:81,(anonymous_16)
FN:82,(anonymous_17)
FN:87,getAssetUrl
FN:91,openAddUpdateAssetPopup
FN:97,(anonymous_20)
FN:98,(anonymous_21)
FN:99,(anonymous_22)
FN:100,(anonymous_23)
FN:101,(anonymous_24)
FN:107,updateList
FN:109,(anonymous_26)
FN:121,openHelp
FN:125,(anonymous_28)
FNF:28
FNH:7
FNDA:1,(anonymous_1)
FNDA:10,AssetCtrl
FNDA:0,incrementOrderAsset
FNDA:0,decrementOrderAsset
FNDA:0,refreshComponentAssets
FNDA:0,(anonymous_6)
FNDA:0,deactivateAsset
FNDA:0,updateInactiveAssetsList
FNDA:0,(anonymous_9)
FNDA:0,(anonymous_10)
FNDA:1,deleteAsset
FNDA:1,(anonymous_12)
FNDA:0,(anonymous_13)
FNDA:3,openAssetPreviewPopup
FNDA:0,(anonymous_15)
FNDA:0,(anonymous_16)
FNDA:0,(anonymous_17)
FNDA:3,getAssetUrl
FNDA:2,openAddUpdateAssetPopup
FNDA:0,(anonymous_20)
FNDA:0,(anonymous_21)
FNDA:0,(anonymous_22)
FNDA:0,(anonymous_23)
FNDA:0,(anonymous_24)
FNDA:0,updateList
FNDA:0,(anonymous_26)
FNDA:0,openHelp
FNDA:0,(anonymous_28)
DA:15,1
DA:19,1
DA:23,1
DA:25,10
DA:26,10
DA:27,10
DA:28,10
DA:29,10
DA:30,10
DA:31,10
DA:32,10
DA:33,10
DA:34,10
DA:35,10
DA:36,10
DA:37,10
DA:38,10
DA:40,1
DA:41,0
DA:44,1
DA:45,0
DA:48,1
DA:49,0
DA:50,0
DA:54,1
DA:55,0
DA:58,1
DA:59,0
DA:60,0
DA:62,0
DA:64,0
DA:67,1
DA:68,1
DA:69,1
DA:70,0
DA:75,1
DA:76,3
DA:80,0
DA:81,0
DA:82,0
DA:87,1
DA:88,3
DA:91,1
DA:92,2
DA:97,0
DA:98,0
DA:99,0
DA:100,0
DA:101,0
DA:104,2
DA:107,1
DA:108,0
DA:109,0
DA:110,0
DA:111,0
DA:112,0
DA:114,0
DA:116,0
DA:117,0
DA:121,1
DA:122,0
DA:126,0
DA:127,0
LF:63
LH:34
BRDA:27,1,0,10
BRDA:27,1,1,10
BRDA:64,2,0,0
BRDA:64,2,1,0
BRDA:110,3,0,0
BRDA:110,3,1,0
BRDA:116,4,0,0
BRDA:116,4,1,0
BRF:8
BRH:2
end_of_record
TN:
SF:./app/js/assets/assets.filter.js
FN:15,(anonymous_1)
FN:20,(anonymous_2)
FN:24,(anonymous_3)
FN:28,(anonymous_4)
FNF:4
FNH:4
FNDA:1,(anonymous_1)
FNDA:5,(anonymous_2)
FNDA:5,(anonymous_3)
FNDA:12,(anonymous_4)
DA:15,1
DA:20,1
DA:24,5
DA:25,5
DA:26,1
DA:28,4
DA:29,12
LF:7
LH:7
BRDA:25,1,0,1
BRDA:25,1,1,4
BRDA:25,2,0,5
BRDA:25,2,1,5
BRF:4
BRH:4
end_of_record
TN:
SF:./app/js/assets/assets.service.js
FN:15,(anonymous_1)
FN:21,assetsServiceProvider
FN:30,(anonymous_3)
FN:34,assetsService
FN:44,(anonymous_5)
FN:45,(anonymous_6)
FN:60,assetToForm
FN:83,formToAsset
FN:99,isExternal
FN:106,isPageAsset
FN:110,createFilters
FN:112,transformToFilter
FN:121,createObject
FN:127,getAssetTypesByMode
FN:129,filterWidgetOnly
FN:136,createFormAssetTemplates
FN:138,transformToTemplate
FN:144,createObject
FN:150,addWidgetAssetsToPage
FN:152,(anonymous_20)
FN:153,(anonymous_21)
FN:162,notIn
FN:163,(anonymous_23)
FN:166,removeAssetsFromPage
FN:167,(anonymous_25)
FN:170,getAssetUrl
FN:185,getType
FN:186,(anonymous_28)
FNF:28
FNH:27
FNDA:1,(anonymous_1)
FNDA:95,assetsServiceProvider
FNDA:2,(anonymous_3)
FNDA:91,assetsService
FNDA:17,(anonymous_5)
FNDA:10,(anonymous_6)
FNDA:19,assetToForm
FNDA:2,formToAsset
FNDA:20,isExternal
FNDA:0,isPageAsset
FNDA:10,createFilters
FNDA:30,transformToFilter
FNDA:30,createObject
FNDA:16,getAssetTypesByMode
FNDA:4,filterWidgetOnly
FNDA:16,createFormAssetTemplates
FNDA:49,transformToTemplate
FNDA:49,createObject
FNDA:3,addWidgetAssetsToPage
FNDA:6,(anonymous_20)
FNDA:4,(anonymous_21)
FNDA:6,notIn
FNDA:5,(anonymous_23)
FNDA:2,removeAssetsFromPage
FNDA:4,(anonymous_25)
FNDA:7,getAssetUrl
FNDA:6,getType
FNDA:18,(anonymous_28)
DA:15,1
DA:17,1
DA:21,1
DA:23,95
DA:29,95
DA:30,2
DA:34,1
DA:36,91
DA:41,91
DA:44,17
DA:45,10
DA:60,1
DA:61,19
DA:62,1
DA:69,18
DA:83,1
DA:84,2
DA:89,2
DA:90,2
DA:91,2
DA:93,2
DA:99,1
DA:100,20
DA:106,1
DA:107,0
DA:110,1
DA:111,10
DA:113,30
DA:122,30
DA:123,30
DA:127,1
DA:128,16
DA:129,1
DA:130,4
DA:133,15
DA:136,1
DA:137,16
DA:139,49
DA:145,49
DA:146,49
DA:150,1
DA:151,3
DA:152,6
DA:155,4
DA:156,4
DA:157,4
DA:162,1
DA:163,6
DA:166,1
DA:167,4
DA:170,1
DA:173,7
DA:174,2
DA:177,5
DA:178,2
DA:181,3
DA:185,1
DA:186,18
LF:58
LH:57
BRDA:61,1,0,1
BRDA:61,1,1,18
BRDA:89,2,0,2
BRDA:89,2,1,0
BRDA:128,3,0,1
BRDA:128,3,1,15
BRDA:151,4,0,3
BRDA:151,4,1,3
BRDA:151,4,2,0
BRDA:155,5,0,4
BRDA:155,5,1,2
BRDA:156,6,0,4
BRDA:156,6,1,2
BRDA:173,7,0,2
BRDA:173,7,1,5
BRDA:177,8,0,2
BRDA:177,8,1,3
BRF:17
BRH:15
end_of_record
TN:
SF:./app/js/common/directives/ace-editor.directive.js
FN:18,(anonymous_1)
FN:32,(anonymous_2)
FN:35,(anonymous_3)
FN:57,(anonymous_4)
FN:65,(anonymous_5)
FNF:5
FNH:3
FNDA:4,(anonymous_1)
FNDA:5,(anonymous_2)
FNDA:12,(anonymous_3)
FNDA:0,(anonymous_4)
FNDA:0,(anonymous_5)
DA:18,1
DA:22,4
DA:24,4
DA:33,5
DA:35,5
DA:36,12
DA:37,0
DA:39,12
DA:40,12
DA:41,3
DA:42,3
DA:43,3
DA:49,12
DA:51,12
DA:54,12
DA:58,0
DA:65,5
DA:66,0
DA:67,0
DA:69,0
LF:20
LH:15
BRDA:36,1,0,0
BRDA:36,1,1,12
BRDA:40,2,0,3
BRDA:40,2,1,9
BRDA:66,3,0,0
BRDA:66,3,1,0
BRF:6
BRH:3
end_of_record
TN:
SF:./app/js/common/directives/alert-content.directive.js
FN:15,(anonymous_1)
FN:29,alertContent
FN:30,(anonymous_3)
FN:32,(anonymous_4)
FN:35,(anonymous_5)
FNF:5
FNH:5
FNDA:1,(anonymous_1)
FNDA:10,alertContent
FNDA:10,(anonymous_3)
FNDA:25,(anonymous_4)
FNDA:12,(anonymous_5)
DA:15,1
DA:17,1
DA:29,1
DA:30,10
DA:31,10
DA:33,25
DA:36,12
DA:37,1
DA:39,12
DA:40,12
LF:10
LH:10
BRDA:36,1,0,1
BRDA:36,1,1,11
BRF:2
BRH:2
end_of_record
TN:
SF:./app/js/common/directives/alerts.directive.js
FN:20,(anonymous_1)
FN:26,(anonymous_2)
FN:29,(anonymous_3)
FNF:3
FNH:3
FNDA:8,(anonymous_1)
FNDA:8,(anonymous_2)
FNDA:1,(anonymous_3)
DA:20,1
DA:24,8
DA:27,8
DA:29,8
DA:30,1
LF:5
LH:5
BRF:0
BRH:0
end_of_record
TN:
SF:./app/js/common/directives/artifact-name-validation.js
FN:1,(anonymous_1)
FN:1,defineProperties
FN:1,(anonymous_3)
FN:1,_classCallCheck
FN:1,(anonymous_5)
FN:5,(anonymous_6)
FN:7,ArtifactNameValidationController
FN:11,errorMessage
FN:16,(anonymous_9)
FN:28,artifactNameValidationDirective
FN:36,(anonymous_11)
FN:51,artifactNameValidationMessagesDirective
FN:54,(anonymous_13)
FN:55,(anonymous_14)
FNF:14
FNH:13
FNDA:1,(anonymous_1)
FNDA:1,defineProperties
FNDA:1,(anonymous_3)
FNDA:0,_classCallCheck
FNDA:1,(anonymous_5)
FNDA:1,(anonymous_6)
FNDA:12,ArtifactNameValidationController
FNDA:220,errorMessage
FNDA:105,(anonymous_9)
FNDA:14,artifactNameValidationDirective
FNDA:12,(anonymous_11)
FNDA:1,artifactNameValidationMessagesDirective
FNDA:1,(anonymous_13)
FNDA:2,(anonymous_14)
DA:1,1
DA:3,1
DA:7,12
DA:8,12
DA:9,12
DA:11,1
DA:15,220
DA:16,220
DA:28,1
DA:29,14
DA:37,12
DA:38,12
DA:39,12
DA:51,1
DA:52,1
DA:55,2
DA:60,1
LF:17
LH:17
BRDA:1,1,0,1
BRDA:1,1,1,1
BRDA:1,2,0,1
BRDA:1,2,1,0
BRDA:1,3,0,1
BRDA:1,3,1,0
BRDA:1,4,0,0
BRDA:1,4,1,1
BRDA:1,5,0,0
BRDA:1,5,1,0
BRDA:16,6,0,220
BRDA:16,6,1,208
BRDA:16,7,0,105
BRDA:16,7,1,105
BRDA:16,7,2,0
BRDA:39,8,0,12
BRDA:39,8,1,11
BRF:17
BRH:11
end_of_record
TN:
SF:./app/js/common/directives/autofocus.directive.js
FN:16,(anonymous_1)
FN:24,(anonymous_2)
FN:28,(anonymous_3)
FN:31,(anonymous_4)
FN:44,(anonymous_5)
FNF:5
FNH:5
FNDA:10,(anonymous_1)
FNDA:6,(anonymous_2)
FNDA:2,(anonymous_3)
FNDA:1,(anonymous_4)
FNDA:2,(anonymous_5)
DA:15,1
DA:21,10
DA:25,6
DA:26,6
DA:28,1
DA:29,2
DA:31,1
DA:32,1
DA:33,1
DA:34,0
DA:42,6
DA:44,5
DA:45,2
DA:46,1
DA:48,1
DA:49,1
DA:50,0
LF:17
LH:15
BRDA:26,1,0,1
BRDA:26,1,1,5
BRDA:29,2,0,1
BRDA:29,2,1,1
BRDA:29,3,0,2
BRDA:29,3,1,2
BRDA:33,4,0,0
BRDA:33,4,1,1
BRDA:33,5,0,1
BRDA:33,5,1,1
BRDA:42,6,0,5
BRDA:42,6,1,1
BRDA:45,7,0,1
BRDA:45,7,1,1
BRDA:49,8,0,0
BRDA:49,8,1,1
BRDA:49,9,0,1
BRDA:49,9,1,1
BRF:18
BRH:16
end_of_record
TN:
SF:./app/js/common/directives/confirm-on-exit.js
FN:16,(anonymous_1)
FN:26,(anonymous_2)
FN:37,(anonymous_3)
FN:43,routeChangeHandler
FN:54,(anonymous_5)
FNF:5
FNH:0
FNDA:0,(anonymous_1)
FNDA:0,(anonymous_2)
FNDA:0,(anonymous_3)
FNDA:0,routeChangeHandler
FNDA:0,(anonymous_5)
DA:15,1
DA:20,0
DA:22,0
DA:28,0
DA:29,0
DA:32,0
DA:33,0
DA:34,0
DA:35,0
DA:37,0
DA:38,0
DA:39,0
DA:43,1
DA:44,0
DA:46,0
DA:48,0
DA:49,0
DA:54,0
DA:55,0
DA:56,0
LF:20
LH:2
BRDA:28,1,0,0
BRDA:28,1,1,0
BRDA:28,2,0,0
BRDA:28,2,1,0
BRDA:38,3,0,0
BRDA:38,3,1,0
BRDA:44,4,0,0
BRDA:44,4,1,0
BRDA:48,5,0,0
BRDA:48,5,1,0
BRDA:48,6,0,0
BRDA:48,6,1,0
BRF:12
BRH:0
end_of_record
TN:
SF:./app/js/common/directives/file-download.directive.js
FN:19,(anonymous_1)
FN:27,(anonymous_2)
FN:28,(anonymous_3)
FN:32,(anonymous_4)
FN:36,(anonymous_5)
FNF:5
FNH:5
FNDA:10,(anonymous_1)
FNDA:17,(anonymous_2)
FNDA:3,(anonymous_3)
FNDA:1,(anonymous_4)
FNDA:3,(anonymous_5)
DA:18,1
DA:22,10
DA:23,10
DA:25,10
DA:28,17
DA:30,3
DA:33,1
DA:36,17
LF:8
LH:8
BRF:0
BRH:0
end_of_record
TN:
SF:./app/js/common/directives/file-input-change.directive.js
FN:18,(anonymous_1)
FN:26,fileInputChange
FN:30,(anonymous_3)
FN:32,update
FN:40,(anonymous_5)
FN:48,(anonymous_6)
FNF:6
FNH:5
FNDA:1,(anonymous_1)
FNDA:1,fileInputChange
FNDA:1,(anonymous_3)
FNDA:1,update
FNDA:1,(anonymous_5)
FNDA:0,(anonymous_6)
DA:18,1
DA:22,1
DA:26,1
DA:28,1
DA:32,1
DA:33,1
DA:34,1
DA:35,1
DA:37,0
DA:40,1
DA:41,1
DA:42,1
DA:46,1
DA:48,1
DA:49,0
LF:15
LH:13
BRDA:34,1,0,1
BRDA:34,1,1,0
BRDA:34,2,0,1
BRDA:34,2,1,1
BRF:4
BRH:3
end_of_record
TN:
SF:./app/js/common/directives/identicon.directive.js
FN:1,(anonymous_1)
FN:1,defineProperties
FN:1,(anonymous_3)
FN:1,_classCallCheck
FN:15,(anonymous_5)
FN:16,(anonymous_6)
FN:17,IdenticonDirective
FN:22,controller
FN:26,(anonymous_9)
FN:26,(anonymous_10)
FN:26,(anonymous_11)
FN:38,(anonymous_12)
FNF:12
FNH:11
FNDA:1,(anonymous_1)
FNDA:1,defineProperties
FNDA:1,(anonymous_3)
FNDA:0,_classCallCheck
FNDA:1,(anonymous_5)
FNDA:1,(anonymous_6)
FNDA:10,IdenticonDirective
FNDA:3,controller
FNDA:9,(anonymous_9)
FNDA:9,(anonymous_10)
FNDA:3,(anonymous_11)
FNDA:10,(anonymous_12)
DA:1,1
DA:15,1
DA:17,10
DA:18,10
DA:19,10
DA:20,10
DA:21,10
DA:22,10
DA:25,3
DA:26,9
DA:27,3
DA:32,1
DA:36,1
DA:38,10
LF:14
LH:14
BRDA:1,1,0,1
BRDA:1,1,1,1
BRDA:1,2,0,1
BRDA:1,2,1,0
BRDA:1,3,0,1
BRDA:1,3,1,0
BRDA:1,4,0,0
BRDA:1,4,1,1
BRDA:1,5,0,0
BRDA:1,5,1,0
BRDA:29,6,0,3
BRDA:29,6,1,0
BRDA:30,7,0,1
BRDA:30,7,1,2
BRDA:30,8,0,3
BRDA:30,8,1,1
BRDA:31,9,0,1
BRDA:31,9,1,2
BRDA:31,10,0,3
BRDA:31,10,1,1
BRF:20
BRH:14
end_of_record
TN:
SF:./app/js/common/directives/include-replace.js
FN:18,(anonymous_1)
FN:21,(anonymous_2)
FNF:2
FNH:2
FNDA:1,(anonymous_1)
FNDA:1,(anonymous_2)
DA:16,1
DA:19,1
DA:22,1
LF:3
LH:3
BRF:0
BRH:0
end_of_record
TN:
SF:./app/js/common/directives/search/search.directive.js
FN:1,(anonymous_1)
FN:1,defineProperties
FN:1,(anonymous_3)
FN:1,_classCallCheck
FN:1,(anonymous_5)
FN:4,(anonymous_6)
FN:4,SearchController
FN:4,clearValue
FN:7,isClearButtonVisible
FN:15,(anonymous_10)
FNF:10
FNH:8
FNDA:1,(anonymous_1)
FNDA:1,defineProperties
FNDA:1,(anonymous_3)
FNDA:0,_classCallCheck
FNDA:1,(anonymous_5)
FNDA:1,(anonymous_6)
FNDA:3,SearchController
FNDA:0,clearValue
FNDA:6,isClearButtonVisible
FNDA:3,(anonymous_10)
DA:1,2
DA:2,1
DA:4,3
DA:7,0
DA:11,6
DA:15,3
LF:6
LH:5
BRDA:1,1,0,2
BRDA:1,1,1,2
BRDA:1,2,0,2
BRDA:1,2,1,0
BRDA:1,3,0,1
BRDA:1,3,1,0
BRDA:1,4,0,0
BRDA:1,4,1,1
BRDA:1,5,0,0
BRDA:1,5,1,0
BRDA:11,6,0,6
BRDA:11,6,1,6
BRF:12
BRH:7
end_of_record
TN:
SF:./app/js/common/directives/splitter-container.directive.js
FN:23,(anonymous_1)
FN:27,(anonymous_2)
FN:31,(anonymous_3)
FN:35,(anonymous_4)
FN:39,(anonymous_5)
FN:51,(anonymous_6)
FN:55,(anonymous_7)
FNF:7
FNH:5
FNDA:3,(anonymous_1)
FNDA:3,(anonymous_2)
FNDA:0,(anonymous_3)
FNDA:2,(anonymous_4)
FNDA:3,(anonymous_5)
FNDA:0,(anonymous_6)
FNDA:3,(anonymous_7)
DA:21,1
DA:24,3
DA:25,3
DA:27,3
DA:28,3
DA:31,3
DA:32,0
DA:35,3
DA:36,2
DA:39,3
DA:40,3
DA:41,1
DA:42,1
DA:43,2
DA:44,2
DA:45,2
DA:48,3
DA:51,3
DA:52,0
DA:56,3
LF:20
LH:18
BRDA:40,1,0,1
BRDA:40,1,1,2
BRDA:43,2,0,2
BRDA:43,2,1,0
BRF:4
BRH:3
end_of_record
TN:
SF:./app/js/common/directives/splitter-horizontal.directive.js
FN:22,(anonymous_1)
FN:33,(anonymous_2)
FN:43,computeY
FN:58,(anonymous_4)
FN:67,(anonymous_5)
FN:75,(anonymous_6)
FN:81,(anonymous_7)
FN:93,(anonymous_8)
FN:102,mouseup
FN:109,mousemove
FNF:10
FNH:10
FNDA:6,(anonymous_1)
FNDA:6,(anonymous_2)
FNDA:1,computeY
FNDA:1,(anonymous_4)
FNDA:1,(anonymous_5)
FNDA:1,(anonymous_6)
FNDA:6,(anonymous_7)
FNDA:1,(anonymous_8)
FNDA:1,mouseup
FNDA:1,mousemove
DA:21,1
DA:24,6
DA:34,6
DA:35,6
DA:43,1
DA:44,1
DA:45,1
DA:46,0
DA:48,1
DA:49,1
DA:51,1
DA:58,6
DA:59,1
DA:60,1
DA:61,1
DA:67,6
DA:68,1
DA:69,1
DA:75,6
DA:76,1
DA:77,1
DA:82,6
DA:83,6
DA:84,6
DA:86,6
DA:87,0
DA:90,6
DA:91,6
DA:93,6
DA:94,1
DA:97,1
DA:98,1
DA:102,1
DA:103,1
DA:104,1
DA:105,1
DA:106,1
DA:109,1
DA:110,1
DA:111,1
DA:112,1
LF:41
LH:39
BRDA:45,1,0,0
BRDA:45,1,1,1
BRDA:48,2,0,1
BRDA:48,2,1,0
BRDA:86,3,0,0
BRDA:86,3,1,6
BRF:6
BRH:3
end_of_record
TN:
SF:./app/js/common/directives/splitter-toggle.directive.js
FN:20,(anonymous_1)
FN:27,getEventName
FN:38,(anonymous_3)
FN:40,(anonymous_4)
FNF:4
FNH:0
FNDA:0,(anonymous_1)
FNDA:0,getEventName
FNDA:0,(anonymous_3)
FNDA:0,(anonymous_4)
DA:18,1
DA:27,1
DA:28,0
DA:29,0
DA:30,0
DA:31,0
DA:33,0
DA:37,0
DA:39,0
DA:40,0
DA:41,0
DA:42,0
LF:12
LH:2
BRDA:28,1,0,0
BRDA:28,1,1,0
BRDA:30,2,0,0
BRDA:30,2,1,0
BRDA:31,3,0,0
BRDA:31,3,1,0
BRF:6
BRH:0
end_of_record
TN:
SF:./app/js/common/directives/splitter-vertical.directive.js
FN:22,(anonymous_1)
FN:33,(anonymous_2)
FN:43,(anonymous_3)
FN:54,(anonymous_4)
FN:62,(anonymous_5)
FN:73,(anonymous_6)
FN:78,(anonymous_7)
FN:87,(anonymous_8)
FN:102,computeX
FN:117,(anonymous_10)
FN:123,(anonymous_11)
FN:131,(anonymous_12)
FN:139,(anonymous_13)
FN:144,(anonymous_14)
FN:149,mousemove
FN:156,mouseup
FNF:16
FNH:16
FNDA:13,(anonymous_1)
FNDA:13,(anonymous_2)
FNDA:1,(anonymous_3)
FNDA:1,(anonymous_4)
FNDA:1,(anonymous_5)
FNDA:1,(anonymous_6)
FNDA:2,(anonymous_7)
FNDA:2,(anonymous_8)
FNDA:2,computeX
FNDA:2,(anonymous_10)
FNDA:13,(anonymous_11)
FNDA:1,(anonymous_12)
FNDA:2,(anonymous_13)
FNDA:2,(anonymous_14)
FNDA:1,mousemove
FNDA:1,mouseup
DA:21,1
DA:24,13
DA:34,13
DA:35,13
DA:37,13
DA:38,13
DA:43,13
DA:44,1
DA:45,1
DA:47,1
DA:48,1
DA:54,13
DA:55,1
DA:56,1
DA:62,13
DA:63,1
DA:64,1
DA:66,1
DA:67,1
DA:73,13
DA:74,1
DA:75,1
DA:78,13
DA:79,2
DA:80,1
DA:82,1
DA:84,2
DA:87,13
DA:88,2
DA:89,1
DA:91,1
DA:94,2
DA:102,1
DA:103,2
DA:104,2
DA:105,1
DA:107,2
DA:108,1
DA:110,2
DA:117,13
DA:118,2
DA:119,2
DA:120,2
DA:125,13
DA:126,13
DA:128,13
DA:129,13
DA:131,13
DA:132,1
DA:135,1
DA:136,1
DA:139,13
DA:140,2
DA:141,2
DA:144,13
DA:145,2
DA:146,2
DA:149,1
DA:150,1
DA:151,1
DA:152,1
DA:156,1
DA:157,1
DA:158,1
DA:159,1
DA:160,1
LF:66
LH:66
BRDA:79,1,0,1
BRDA:79,1,1,1
BRDA:88,2,0,1
BRDA:88,2,1,1
BRDA:104,3,0,1
BRDA:104,3,1,1
BRDA:107,4,0,1
BRDA:107,4,1,1
BRF:8
BRH:8
end_of_record
TN:
SF:./app/js/common/directives/tooltip-toggle.directive.js
FN:19,(anonymous_1)
FN:24,(anonymous_2)
FN:27,(anonymous_3)
FN:30,(anonymous_4)
FN:34,(anonymous_5)
FNF:5
FNH:5
FNDA:2,(anonymous_1)
FNDA:2,(anonymous_2)
FNDA:2,(anonymous_3)
FNDA:1,(anonymous_4)
FNDA:1,(anonymous_5)
DA:19,1
DA:22,2
DA:25,2
DA:27,2
DA:28,2
DA:30,1
DA:31,1
DA:34,1
DA:35,1
LF:9
LH:9
BRDA:28,1,0,1
BRDA:28,1,1,1
BRF:2
BRH:2
end_of_record
TN:
SF:./app/js/common/filters/mustachify.filter.js
FN:15,(anonymous_1)
FN:21,(anonymous_2)
FN:23,mustachifyFilter
FN:27,regexp
FN:29,escapeRegexp
FNF:5
FNH:5
FNDA:1,(anonymous_1)
FNDA:4,(anonymous_2)
FNDA:6,mustachifyFilter
FNDA:12,regexp
FNDA:12,escapeRegexp
DA:15,1
DA:19,1
DA:21,4
DA:23,6
DA:24,6
DA:27,1
DA:29,1
DA:30,12
DA:33,12
LF:9
LH:9
BRDA:23,1,0,1
BRDA:23,1,1,5
BRDA:23,2,0,6
BRDA:23,2,1,5
BRDA:23,3,0,1
BRDA:23,3,1,5
BRDA:23,4,0,6
BRDA:23,4,1,5
BRF:8
BRH:8
end_of_record
TN:
SF:./app/js/common/repositories/import-repository.service.js
FN:15,(anonymous_1)
FN:23,importRepo
FN:29,forceImport
FN:31,(anonymous_4)
FN:34,cancelImport
FN:36,(anonymous_6)
FNF:6
FNH:6
FNDA:1,(anonymous_1)
FNDA:24,importRepo
FNDA:1,forceImport
FNDA:1,(anonymous_4)
FNDA:1,cancelImport
FNDA:1,(anonymous_6)
DA:15,1
DA:19,1
DA:23,1
DA:24,24
DA:29,1
DA:30,1
DA:31,1
DA:34,1
DA:35,1
DA:36,1
LF:10
LH:10
BRF:0
BRH:0
end_of_record
TN:
SF:./app/js/common/repositories/page-repository.service.js
FN:1,(anonymous_1)
FN:1,defineProperties
FN:1,(anonymous_3)
FN:1,_classCallCheck
FN:1,_possibleConstructorReturn
FN:1,_inherits
FN:15,(anonymous_7)
FN:25,pageRepository
FN:27,(anonymous_9)
FN:28,PageRepository
FN:35,rename
FN:44,createAsset
FN:47,(anonymous_13)
FN:47,desactivateAsset
FN:58,loadAssets
FN:61,(anonymous_16)
FN:67,deleteAsset
FNF:17
FNH:12
FNDA:1,(anonymous_1)
FNDA:0,defineProperties
FNDA:0,(anonymous_3)
FNDA:0,_classCallCheck
FNDA:0,_possibleConstructorReturn
FNDA:0,_inherits
FNDA:1,(anonymous_7)
FNDA:79,pageRepository
FNDA:79,(anonymous_9)
FNDA:79,PageRepository
FNDA:1,rename
FNDA:1,createAsset
FNDA:1,(anonymous_13)
FNDA:2,desactivateAsset
FNDA:1,loadAssets
FNDA:1,(anonymous_16)
FNDA:2,deleteAsset
DA:1,1
DA:15,1
DA:19,1
DA:25,79
DA:27,79
DA:28,79
DA:35,79
DA:37,1
DA:46,1
DA:47,1
DA:51,2
DA:60,1
DA:61,1
DA:69,79
DA:72,79
LF:15
LH:15
BRDA:1,1,0,0
BRDA:1,1,1,0
BRDA:1,2,0,0
BRDA:1,2,1,0
BRDA:1,3,0,0
BRDA:1,3,1,0
BRDA:1,4,0,0
BRDA:1,4,1,0
BRDA:1,5,0,0
BRDA:1,5,1,0
BRDA:1,6,0,0
BRDA:1,6,1,0
BRDA:1,7,0,0
BRDA:1,7,1,0
BRDA:1,8,0,0
BRDA:1,8,1,0
BRDA:1,8,2,0
BRDA:1,9,0,0
BRDA:1,9,1,0
BRDA:1,10,0,0
BRDA:1,10,1,0
BRDA:1,11,0,0
BRDA:1,11,1,0
BRDA:1,12,0,0
BRDA:1,12,1,0
BRDA:1,13,0,0
BRDA:1,13,1,0
BRF:27
BRH:0
end_of_record
TN:
SF:./app/js/common/repositories/repositories.service.js
FN:15,(anonymous_1)
FN:23,repositoriesService
FN:25,(anonymous_3)
FNF:3
FNH:3
FNDA:1,(anonymous_1)
FNDA:13,repositoriesService
FNDA:141,(anonymous_3)
DA:15,1
DA:19,1
DA:23,1
DA:24,13
DA:25,141
LF:5
LH:5
BRF:0
BRH:0
end_of_record
TN:
SF:./app/js/common/repositories/repository.service.js
FN:1,(anonymous_1)
FN:1,defineProperties
FN:1,(anonymous_3)
FN:1,_classCallCheck
FN:15,(anonymous_5)
FN:23,repositoryService
FN:25,(anonymous_7)
FN:26,Repository
FN:30,save
FN:35,(anonymous_10)
FN:43,initLastSavedState
FN:52,needSave
FN:54,_delete
FN:58,create
FN:63,(anonymous_15)
FN:63,load
FN:67,all
FN:72,(anonymous_18)
FN:78,exportUrl
FN:80,markAsFavorite
FN:84,unmarkAsFavorite
FNF:21
FNH:16
FNDA:1,(anonymous_1)
FNDA:0,defineProperties
FNDA:0,(anonymous_3)
FNDA:0,_classCallCheck
FNDA:1,(anonymous_5)
FNDA:115,repositoryService
FNDA:115,(anonymous_7)
FNDA:163,Repository
FNDA:2,save
FNDA:2,(anonymous_10)
FNDA:0,initLastSavedState
FNDA:0,needSave
FNDA:2,_delete
FNDA:4,create
FNDA:4,(anonymous_15)
FNDA:2,load
FNDA:2,all
FNDA:2,(anonymous_18)
FNDA:44,exportUrl
FNDA:2,markAsFavorite
FNDA:2,unmarkAsFavorite
DA:1,1
DA:15,1
DA:19,1
DA:23,115
DA:26,163
DA:27,163
DA:28,163
DA:29,163
DA:30,163
DA:33,2
DA:34,2
DA:36,2
DA:45,0
DA:54,0
DA:58,2
DA:62,4
DA:63,4
DA:67,2
DA:71,2
DA:72,2
DA:80,44
DA:84,2
DA:88,115
DA:92,115
LF:24
LH:22
BRDA:1,1,0,0
BRDA:1,1,1,0
BRDA:1,2,0,0
BRDA:1,2,1,0
BRDA:1,3,0,0
BRDA:1,3,1,0
BRDA:1,4,0,0
BRDA:1,4,1,0
BRDA:1,5,0,0
BRDA:1,5,1,0
BRDA:62,6,0,2
BRDA:62,6,1,2
BRF:12
BRH:2
end_of_record
TN:
SF:./app/js/common/repositories/widget-repository.service.js
FN:1,(anonymous_1)
FN:1,defineProperties
FN:1,(anonymous_3)
FN:1,_classCallCheck
FN:1,_possibleConstructorReturn
FN:1,_inherits
FN:15,(anonymous_7)
FN:23,widgetRepository
FN:25,(anonymous_9)
FN:26,WidgetRepository
FN:32,customs
FN:35,(anonymous_12)
FN:35,(anonymous_13)
FN:36,(anonymous_14)
FN:36,(anonymous_15)
FN:47,loadAssets
FN:50,(anonymous_17)
FN:50,createAsset
FN:55,(anonymous_19)
FN:55,deleteAsset
FN:59,incrementOrderAsset
FN:63,decrementOrderAsset
FN:67,addProperty
FN:71,updateProperty
FN:75,deleteProperty
FNF:25
FNH:20
FNDA:1,(anonymous_1)
FNDA:0,defineProperties
FNDA:0,(anonymous_3)
FNDA:0,_classCallCheck
FNDA:163,_possibleConstructorReturn
FNDA:163,_inherits
FNDA:1,(anonymous_7)
FNDA:84,widgetRepository
FNDA:84,(anonymous_9)
FNDA:84,WidgetRepository
FNDA:1,customs
FNDA:1,(anonymous_12)
FNDA:2,(anonymous_13)
FNDA:1,(anonymous_14)
FNDA:1,(anonymous_15)
FNDA:0,loadAssets
FNDA:0,(anonymous_17)
FNDA:1,createAsset
FNDA:1,(anonymous_19)
FNDA:2,deleteAsset
FNDA:1,incrementOrderAsset
FNDA:1,decrementOrderAsset
FNDA:1,addProperty
FNDA:1,updateProperty
FNDA:1,deleteProperty
DA:1,163
DA:15,1
DA:19,1
DA:23,84
DA:25,84
DA:26,84
DA:32,84
DA:34,1
DA:35,2
DA:36,1
DA:37,1
DA:38,1
DA:39,1
DA:49,0
DA:50,0
DA:54,1
DA:55,1
DA:59,2
DA:63,1
DA:67,1
DA:71,1
DA:75,1
DA:79,84
DA:82,84
LF:24
LH:22
BRDA:1,1,0,0
BRDA:1,1,1,0
BRDA:1,2,0,0
BRDA:1,2,1,0
BRDA:1,3,0,0
BRDA:1,3,1,0
BRDA:1,4,0,0
BRDA:1,4,1,0
BRDA:1,5,0,0
BRDA:1,5,1,0
BRDA:1,6,0,0
BRDA:1,6,1,163
BRDA:1,7,0,0
BRDA:1,7,1,163
BRDA:1,8,0,163
BRDA:1,8,1,0
BRDA:1,8,2,0
BRDA:1,9,0,0
BRDA:1,9,1,163
BRDA:1,10,0,163
BRDA:1,10,1,0
BRDA:1,11,0,163
BRDA:1,11,1,163
BRDA:1,12,0,163
BRDA:1,12,1,0
BRDA:1,13,0,163
BRDA:1,13,1,0
BRF:27
BRH:9
end_of_record
TN:
SF:./app/js/common/services/ace-data-completer.service.js
FN:15,(anonymous_1)
FN:16,(anonymous_2)
FN:18,(anonymous_3)
FN:20,getPrefixedKeys
FN:24,filterKeys
FN:31,(anonymous_6)
FNF:6
FNH:6
FNDA:6,(anonymous_1)
FNDA:5,(anonymous_2)
FNDA:1,(anonymous_3)
FNDA:1,getPrefixedKeys
FNDA:1,filterKeys
FNDA:1,(anonymous_6)
DA:15,1
DA:16,6
DA:17,5
DA:20,1
DA:21,1
DA:24,1
DA:25,1
DA:28,1
DA:32,1
DA:39,1
LF:10
LH:10
BRF:0
BRH:0
end_of_record
TN:
SF:./app/js/common/services/alerts.service.js
FN:15,(anonymous_1)
FN:23,alertsService
FN:40,add
FN:46,(anonymous_4)
FN:55,remove
FN:63,getAlert
FN:72,addAlert
FNF:7
FNH:7
FNDA:1,(anonymous_1)
FNDA:306,alertsService
FNDA:21,add
FNDA:4,(anonymous_4)
FNDA:8,remove
FNDA:21,getAlert
FNDA:21,addAlert
DA:15,1
DA:19,1
DA:23,1
DA:25,306
DA:26,306
DA:28,306
DA:40,1
DA:41,21
DA:46,21
DA:47,4
DA:55,1
DA:56,8
DA:63,1
DA:64,21
DA:65,12
DA:67,9
DA:68,9
DA:72,1
DA:73,21
DA:74,21
LF:20
LH:20
BRDA:48,1,0,21
BRDA:48,1,1,21
BRDA:64,2,0,12
BRDA:64,2,1,9
BRF:4
BRH:4
end_of_record
TN:
SF:./app/js/common/services/arrays.service.js
FN:15,(anonymous_1)
FN:27,moveTo
FN:55,moveLeft
FN:65,moveRight
FN:76,moveAtPosition
FN:83,moveLeftPossible
FN:87,moveRightPossible
FN:100,remove
FN:117,removeFirst
FN:131,insertAtPosition
FNF:10
FNH:10
FNDA:137,(anonymous_1)
FNDA:19,moveTo
FNDA:9,moveLeft
FNDA:10,moveRight
FNDA:4,moveAtPosition
FNDA:224,moveLeftPossible
FNDA:197,moveRightPossible
FNDA:5,remove
FNDA:5,removeFirst
FNDA:12,insertAtPosition
DA:15,1
DA:27,1
DA:28,19
DA:29,19
DA:31,19
DA:32,10
DA:36,19
DA:37,2
DA:41,17
DA:42,13
DA:45,17
DA:55,1
DA:56,9
DA:65,1
DA:66,10
DA:76,1
DA:77,4
DA:79,4
DA:80,4
DA:83,1
DA:84,224
DA:87,1
DA:88,197
DA:100,1
DA:102,5
DA:103,5
DA:104,4
DA:105,13
DA:106,6
DA:107,1
DA:109,7
DA:110,2
DA:114,5
DA:117,1
DA:118,5
DA:119,5
DA:120,3
DA:122,5
DA:131,1
DA:132,12
DA:133,10
DA:135,2
DA:139,137
LF:43
LH:43
BRDA:29,1,0,14
BRDA:29,1,1,5
BRDA:31,2,0,10
BRDA:31,2,1,9
BRDA:32,3,0,8
BRDA:32,3,1,2
BRDA:36,4,0,2
BRDA:36,4,1,17
BRDA:36,5,0,19
BRDA:36,5,1,5
BRDA:41,6,0,13
BRDA:41,6,1,4
BRDA:103,7,0,4
BRDA:103,7,1,1
BRDA:105,8,0,6
BRDA:105,8,1,7
BRDA:106,9,0,1
BRDA:106,9,1,5
BRDA:109,10,0,2
BRDA:109,10,1,5
BRDA:119,11,0,3
BRDA:119,11,1,2
BRDA:132,12,0,10
BRDA:132,12,1,2
BRF:24
BRH:24
end_of_record
TN:
SF:./app/js/common/services/clock.service.js
FN:15,(anonymous_1)
FNF:1
FNH:0
FNDA:0,(anonymous_1)
DA:15,1
DA:19,0
LF:2
LH:1
BRF:0
BRH:0
end_of_record
TN:
SF:./app/js/common/services/error-interceptor.service.js
FN:19,(anonymous_1)
FN:24,(anonymous_2)
FN:35,(anonymous_3)
FNF:3
FNH:3
FNDA:294,(anonymous_1)
FNDA:4,(anonymous_2)
FNDA:461,(anonymous_3)
DA:19,1
DA:23,294
DA:25,4
DA:28,1
DA:30,3
DA:32,4
DA:36,461
LF:7
LH:7
BRDA:25,1,0,1
BRDA:25,1,1,3
BRDA:25,2,0,4
BRDA:25,2,1,3
BRDA:25,2,2,2
BRF:5
BRH:5
end_of_record
TN:
SF:./app/js/common/services/history.service.js
FN:1,(anonymous_1)
FN:1,defineProperties
FN:1,(anonymous_3)
FN:1,_classCallCheck
FN:15,(anonymous_5)
FN:16,(anonymous_6)
FN:17,BrowserHistoryService
FN:18,back
FN:31,(anonymous_9)
FNF:9
FNH:7
FNDA:1,(anonymous_1)
FNDA:1,defineProperties
FNDA:1,(anonymous_3)
FNDA:0,_classCallCheck
FNDA:1,(anonymous_5)
FNDA:1,(anonymous_6)
FNDA:14,BrowserHistoryService
FNDA:0,back
FNDA:14,(anonymous_9)
DA:1,1
DA:15,1
DA:17,14
DA:18,14
DA:21,0
DA:22,0
DA:24,1
DA:29,1
DA:31,14
LF:9
LH:7
BRDA:1,1,0,1
BRDA:1,1,1,1
BRDA:1,2,0,1
BRDA:1,2,1,0
BRDA:1,3,0,1
BRDA:1,3,1,0
BRDA:1,4,0,0
BRDA:1,4,1,1
BRDA:1,5,0,0
BRDA:1,5,1,0
BRDA:21,6,0,0
BRDA:21,6,1,0
BRDA:21,7,0,0
BRDA:21,7,1,0
BRF:14
BRH:5
end_of_record
TN:
SF:./app/js/common/services/keymaster.service.js
FN:15,(anonymous_1)
FN:21,(anonymous_2)
FNF:2
FNH:2
FNDA:1,(anonymous_1)
FNDA:34,(anonymous_2)
DA:15,1
DA:21,1
DA:23,34
LF:3
LH:3
BRF:0
BRH:0
end_of_record
TN:
SF:./app/js/common/services/resolutions.service.js
FN:15,(anonymous_1)
FN:23,resolutionsService
FN:45,registerResolutions
FN:49,setDefaultResolution
FN:54,setDefaultDimension
FN:62,getDefaultDimension
FN:70,getDefaultResolution
FN:78,all
FN:86,selected
FN:94,select
FN:104,get
FN:105,(anonymous_12)
FNF:12
FNH:11
FNDA:1,(anonymous_1)
FNDA:174,resolutionsService
FNDA:33,registerResolutions
FNDA:29,setDefaultResolution
FNDA:0,setDefaultDimension
FNDA:5,getDefaultDimension
FNDA:13,getDefaultResolution
FNDA:37,all
FNDA:17,selected
FNDA:5,select
FNDA:36,get
FNDA:72,(anonymous_12)
DA:15,1
DA:19,1
DA:23,1
DA:25,174
DA:27,174
DA:29,174
DA:33,174
DA:45,1
DA:46,33
DA:49,1
DA:50,29
DA:51,29
DA:54,1
DA:55,0
DA:62,1
DA:63,5
DA:70,1
DA:71,13
DA:78,1
DA:79,37
DA:86,1
DA:87,17
DA:94,1
DA:95,5
DA:96,5
DA:104,1
DA:105,72
LF:27
LH:26
BRDA:55,1,0,0
BRDA:55,1,1,0
BRDA:105,2,0,36
BRDA:105,2,1,1
BRF:4
BRH:2
end_of_record
TN:
SF:./app/js/common/services/utils.service.js
FN:15,(anonymous_1)
FN:17,(anonymous_2)
FN:26,clam
FNF:3
FNH:3
FNDA:1,(anonymous_1)
FNDA:26,(anonymous_2)
FNDA:3,clam
DA:15,1
DA:17,1
DA:26,26
DA:27,3
LF:4
LH:4
BRDA:27,1,0,1
BRDA:27,1,1,2
BRDA:27,2,0,1
BRDA:27,2,1,1
BRF:4
BRH:4
end_of_record
TN:
SF:./app/js/custom-widget/custom-widget-editor.controller.js
FN:15,(anonymous_1)
FN:22,CustomWidgetEditorCtrl
FN:30,(anonymous_3)
FN:31,(anonymous_4)
FN:38,(anonymous_5)
FN:42,(anonymous_6)
FN:42,(anonymous_7)
FN:49,(anonymous_8)
FN:50,(anonymous_9)
FN:59,(anonymous_10)
FN:60,(anonymous_11)
FN:69,(anonymous_12)
FN:70,(anonymous_13)
FN:78,(anonymous_14)
FN:79,(anonymous_15)
FN:85,(anonymous_16)
FN:86,(anonymous_17)
FN:91,(anonymous_18)
FN:97,(anonymous_19)
FN:105,reload
FN:112,saveAs
FN:117,(anonymous_22)
FN:123,(anonymous_23)
FN:128,(anonymous_24)
FN:137,(anonymous_25)
FNF:25
FNH:14
FNDA:1,(anonymous_1)
FNDA:9,CustomWidgetEditorCtrl
FNDA:0,(anonymous_3)
FNDA:0,(anonymous_4)
FNDA:4,(anonymous_5)
FNDA:1,(anonymous_6)
FNDA:1,(anonymous_7)
FNDA:1,(anonymous_8)
FNDA:1,(anonymous_9)
FNDA:1,(anonymous_10)
FNDA:1,(anonymous_11)
FNDA:1,(anonymous_12)
FNDA:0,(anonymous_13)
FNDA:1,(anonymous_14)
FNDA:1,(anonymous_15)
FNDA:0,(anonymous_16)
FNDA:0,(anonymous_17)
FNDA:1,(anonymous_18)
FNDA:0,(anonymous_19)
FNDA:0,reload
FNDA:0,saveAs
FNDA:1,(anonymous_22)
FNDA:0,(anonymous_23)
FNDA:0,(anonymous_24)
FNDA:0,(anonymous_25)
DA:15,1
DA:18,1
DA:22,1
DA:24,9
DA:25,9
DA:27,9
DA:28,9
DA:30,9
DA:31,0
DA:32,0
DA:35,0
DA:38,9
DA:39,4
DA:42,9
DA:49,9
DA:50,1
DA:51,1
DA:59,9
DA:60,1
DA:61,1
DA:69,9
DA:70,1
DA:71,0
DA:78,9
DA:79,1
DA:80,1
DA:85,9
DA:86,0
DA:87,0
DA:91,9
DA:92,1
DA:97,0
DA:101,1
DA:105,1
DA:106,0
DA:107,0
DA:112,1
DA:113,0
DA:117,9
DA:119,1
DA:123,0
DA:127,1
DA:129,0
DA:130,0
DA:132,0
DA:137,9
DA:138,0
LF:47
LH:32
BRDA:39,1,0,4
BRDA:39,1,1,3
BRDA:129,2,0,0
BRDA:129,2,1,0
BRF:4
BRH:2
end_of_record
TN:
SF:./app/js/custom-widget/property-editor-popup.controller.js
FN:35,(anonymous_1)
FN:52,(anonymous_2)
FN:56,(anonymous_3)
FN:66,(anonymous_4)
FN:73,(anonymous_5)
FN:83,(anonymous_6)
FNF:6
FNH:6
FNDA:11,(anonymous_1)
FNDA:5,(anonymous_2)
FNDA:4,(anonymous_3)
FNDA:2,(anonymous_4)
FNDA:2,(anonymous_5)
FNDA:1,(anonymous_6)
DA:15,1
DA:39,11
DA:45,11
DA:50,11
DA:52,11
DA:53,5
DA:56,11
DA:57,4
DA:61,11
DA:66,11
DA:67,2
DA:68,1
DA:70,2
DA:73,11
DA:74,2
DA:75,1
DA:77,2
DA:83,11
DA:84,1
LF:19
LH:19
BRDA:53,1,0,5
BRDA:53,1,1,4
BRDA:53,1,2,3
BRDA:57,2,0,4
BRDA:57,2,1,3
BRDA:61,3,0,11
BRDA:61,3,1,0
BRDA:63,4,0,0
BRDA:63,4,1,0
BRDA:63,4,2,0
BRDA:67,5,0,1
BRDA:67,5,1,1
BRDA:67,6,0,2
BRDA:67,6,1,2
BRDA:67,6,2,2
BRDA:74,7,0,1
BRDA:74,7,1,1
BRF:17
BRH:13
end_of_record
TN:
SF:./app/js/custom-widget/save-as-popup.controller.js
FN:1,(anonymous_1)
FN:1,defineProperties
FN:1,(anonymous_3)
FN:1,_classCallCheck
FN:1,(anonymous_5)
FN:7,(anonymous_6)
FN:9,saveWidgetAsPopUpCtrl
FN:12,ok
FNF:8
FNH:5
FNDA:1,(anonymous_1)
FNDA:1,defineProperties
FNDA:1,(anonymous_3)
FNDA:0,_classCallCheck
FNDA:1,(anonymous_5)
FNDA:1,(anonymous_6)
FNDA:0,saveWidgetAsPopUpCtrl
FNDA:0,ok
DA:1,1
DA:5,1
DA:9,1
DA:10,0
DA:11,0
DA:12,1
DA:16,0
DA:17,0
DA:18,1
DA:22,1
LF:10
LH:6
BRDA:1,1,0,1
BRDA:1,1,1,1
BRDA:1,2,0,1
BRDA:1,2,1,0
BRDA:1,3,0,1
BRDA:1,3,1,0
BRDA:1,4,0,0
BRDA:1,4,1,1
BRDA:1,5,0,0
BRDA:1,5,1,0
BRF:10
BRH:5
end_of_record
TN:
SF:./app/js/editor/common/components.service.js
FN:15,(anonymous_1)
FN:23,componentsService
FN:34,register
FN:35,(anonymous_4)
FN:41,init
FN:52,reset
FN:56,get
FNF:7
FNH:7
FNDA:1,(anonymous_1)
FNDA:86,componentsService
FNDA:18,register
FNDA:23,(anonymous_4)
FNDA:12,init
FNDA:6,reset
FNDA:3,get
DA:15,1
DA:19,1
DA:23,1
DA:25,86
DA:27,86
DA:34,1
DA:35,18
DA:36,23
DA:37,23
DA:41,1
DA:43,12
DA:45,12
DA:46,1
DA:48,11
DA:49,11
DA:52,1
DA:53,6
DA:56,1
DA:57,3
LF:19
LH:19
BRDA:43,1,0,12
BRDA:43,1,1,6
BRDA:45,2,0,1
BRDA:45,2,1,11
BRF:4
BRH:4
end_of_record
TN:
SF:./app/js/editor/common/properties.service.js
FN:15,(anonymous_1)
FN:23,propertiesService
FN:51,computeValues
FN:52,(anonymous_4)
FN:58,computeValue
FN:65,addCommonPropertiesTo
FN:70,isBound
FNF:7
FNH:7
FNDA:1,(anonymous_1)
FNDA:113,propertiesService
FNDA:6,computeValues
FNDA:8,(anonymous_4)
FNDA:14,computeValue
FNDA:24,addCommonPropertiesTo
FNDA:14,isBound
DA:15,1
DA:19,1
DA:23,1
DA:25,113
DA:44,113
DA:51,1
DA:52,6
DA:53,8
DA:54,8
DA:58,1
DA:59,14
DA:65,1
DA:66,24
DA:67,24
DA:70,1
DA:71,14
LF:16
LH:16
BRDA:52,1,0,6
BRDA:52,1,1,1
BRDA:60,2,0,3
BRDA:60,2,1,11
BRDA:66,3,0,24
BRDA:66,3,1,12
BRDA:71,4,0,14
BRDA:71,4,1,11
BRF:8
BRH:8
end_of_record
TN:
SF:./app/js/editor/container-definition-factory.service.js
FN:15,(anonymous_1)
FN:23,containerDefinitionFactory
FN:32,createContainerWidget
FN:58,createTabsContainerWidget
FN:71,createFormContainerWidget
FNF:5
FNH:5
FNDA:1,(anonymous_1)
FNDA:46,containerDefinitionFactory
FNDA:7,createContainerWidget
FNDA:7,createTabsContainerWidget
FNDA:7,createFormContainerWidget
DA:15,1
DA:19,1
DA:23,1
DA:25,46
DA:32,1
DA:33,7
DA:58,1
DA:59,7
DA:71,1
DA:72,7
LF:10
LH:10
BRF:0
BRH:0
end_of_record
TN:
SF:./app/js/editor/data-panel/api-examples.service.js
FN:1,_toConsumableArray
FN:15,(anonymous_2)
FN:87,flatten
FN:91,(anonymous_4)
FN:92,(anonymous_5)
FN:93,(anonymous_6)
FNF:6
FNH:5
FNDA:0,_toConsumableArray
FNDA:5,(anonymous_2)
FNDA:5,flatten
FNDA:5,(anonymous_4)
FNDA:25,(anonymous_5)
FNDA:60,(anonymous_6)
DA:1,1
DA:15,1
DA:17,5
DA:87,5
DA:88,5
DA:91,5
DA:92,5
DA:93,25
DA:94,60
DA:95,60
DA:100,5
LF:11
LH:11
BRDA:1,1,0,0
BRDA:1,1,1,0
BRF:2
BRH:0
end_of_record
TN:
SF:./app/js/editor/data-panel/data-popup.controller.js
FN:16,(anonymous_1)
FN:32,(anonymous_2)
FN:36,(anonymous_3)
FN:40,(anonymous_4)
FN:44,(anonymous_5)
FNF:5
FNH:4
FNDA:5,(anonymous_1)
FNDA:2,(anonymous_2)
FNDA:5,(anonymous_3)
FNDA:1,(anonymous_4)
FNDA:0,(anonymous_5)
DA:15,1
DA:20,5
DA:21,5
DA:22,5
DA:24,5
DA:25,5
DA:27,5
DA:28,5
DA:29,5
DA:30,5
DA:32,5
DA:33,2
DA:36,5
DA:37,5
DA:40,5
DA:41,1
DA:44,5
DA:45,0
LF:18
LH:17
BRDA:29,1,0,5
BRDA:29,1,1,4
BRDA:33,2,0,2
BRDA:33,2,1,2
BRF:4
BRH:4
end_of_record
TN:
SF:./app/js/editor/data-panel/data-type.service.js
FN:16,(anonymous_1)
FN:18,compareType
FN:22,getLabel
FN:26,getDefaultValue
FN:37,(anonymous_5)
FN:41,(anonymous_6)
FN:47,(anonymous_7)
FN:53,(anonymous_8)
FNF:8
FNH:8
FNDA:17,(anonymous_1)
FNDA:85,compareType
FNDA:5,getLabel
FNDA:10,getDefaultValue
FNDA:8,(anonymous_5)
FNDA:6,(anonymous_6)
FNDA:11,(anonymous_7)
FNDA:7,(anonymous_8)
DA:15,1
DA:18,1
DA:19,85
DA:22,1
DA:23,5
DA:26,1
DA:27,10
DA:29,17
DA:37,17
DA:38,8
DA:41,17
DA:42,6
DA:47,17
DA:48,11
DA:53,17
DA:54,7
LF:16
LH:16
BRF:0
BRH:0
end_of_record
TN:
SF:./app/js/editor/data-panel/data.controller.js
FN:15,(anonymous_1)
FN:26,(anonymous_2)
FN:31,(anonymous_3)
FN:40,(anonymous_4)
FN:41,matchData
FN:45,(anonymous_6)
FN:53,(anonymous_7)
FN:57,(anonymous_8)
FN:62,(anonymous_9)
FN:63,(anonymous_10)
FN:64,(anonymous_11)
FN:72,(anonymous_12)
FNF:12
FNH:8
FNDA:6,(anonymous_1)
FNDA:1,(anonymous_2)
FNDA:1,(anonymous_3)
FNDA:8,(anonymous_4)
FNDA:14,matchData
FNDA:14,(anonymous_6)
FNDA:6,(anonymous_7)
FNDA:1,(anonymous_8)
FNDA:0,(anonymous_9)
FNDA:0,(anonymous_10)
FNDA:0,(anonymous_11)
FNDA:0,(anonymous_12)
DA:15,1
DA:19,6
DA:20,6
DA:21,6
DA:22,6
DA:23,6
DA:24,6
DA:26,6
DA:27,1
DA:28,1
DA:31,6
DA:32,1
DA:37,1
DA:40,6
DA:41,1
DA:42,14
DA:45,8
DA:46,14
DA:47,11
DA:49,14
DA:53,6
DA:54,6
DA:57,6
DA:58,1
DA:62,0
DA:63,0
DA:64,0
DA:68,1
DA:72,6
LF:29
LH:26
BRDA:42,1,0,14
BRDA:42,1,1,4
BRDA:42,2,0,4
BRDA:42,2,1,0
BRDA:46,3,0,11
BRDA:46,3,1,3
BRDA:64,4,0,0
BRDA:64,4,1,0
BRF:8
BRH:5
end_of_record
TN:
SF:./app/js/editor/data-panel/valid-json.directive.js
FN:19,(anonymous_1)
FN:25,(anonymous_2)
FN:26,(anonymous_3)
FNF:3
FNH:3
FNDA:3,(anonymous_1)
FNDA:3,(anonymous_2)
FNDA:5,(anonymous_3)
DA:19,1
DA:23,3
DA:26,3
DA:27,5
DA:29,0
DA:32,5
DA:33,5
DA:34,4
DA:37,1
LF:9
LH:8
BRDA:27,1,0,0
BRDA:27,1,1,5
BRDA:34,2,0,4
BRDA:34,2,1,0
BRF:4
BRH:2
end_of_record
TN:
SF:./app/js/editor/editor.config.js
FN:1,(anonymous_1)
FN:7,(anonymous_2)
FNF:2
FNH:2
FNDA:1,(anonymous_1)
FNDA:46,(anonymous_2)
DA:1,1
DA:5,1
DA:9,46
DA:10,46
LF:4
LH:4
BRF:0
BRH:0
end_of_record
TN:
SF:./app/js/editor/editor.controller.js
FN:20,(anonymous_1)
FN:39,(anonymous_2)
FN:46,(anonymous_3)
FN:51,(anonymous_4)
FN:56,(anonymous_5)
FN:60,(anonymous_6)
FN:64,(anonymous_7)
FN:65,(anonymous_8)
FN:72,moveSelection
FN:78,(anonymous_10)
FN:83,(anonymous_11)
FN:95,(anonymous_12)
FN:110,(anonymous_13)
FN:127,(anonymous_14)
FN:139,(anonymous_15)
FN:153,(anonymous_16)
FN:162,(anonymous_17)
FN:178,(anonymous_18)
FN:186,removeRow
FN:199,(anonymous_20)
FN:209,(anonymous_21)
FN:226,(anonymous_22)
FN:233,(anonymous_23)
FN:242,(anonymous_24)
FN:244,(anonymous_25)
FN:250,(anonymous_26)
FN:252,(anonymous_27)
FN:259,(anonymous_28)
FN:263,(anonymous_29)
FN:271,(anonymous_30)
FN:290,(anonymous_31)
FN:297,(anonymous_32)
FNF:32
FNH:19
FNDA:25,(anonymous_1)
FNDA:0,(anonymous_2)
FNDA:0,(anonymous_3)
FNDA:0,(anonymous_4)
FNDA:0,(anonymous_5)
FNDA:0,(anonymous_6)
FNDA:0,(anonymous_7)
FNDA:0,(anonymous_8)
FNDA:0,moveSelection
FNDA:0,(anonymous_10)
FNDA:0,(anonymous_11)
FNDA:2,(anonymous_12)
FNDA:4,(anonymous_13)
FNDA:3,(anonymous_14)
FNDA:0,(anonymous_15)
FNDA:11,(anonymous_16)
FNDA:2,(anonymous_17)
FNDA:9,(anonymous_18)
FNDA:5,removeRow
FNDA:2,(anonymous_20)
FNDA:4,(anonymous_21)
FNDA:2,(anonymous_22)
FNDA:4,(anonymous_23)
FNDA:1,(anonymous_24)
FNDA:2,(anonymous_25)
FNDA:1,(anonymous_26)
FNDA:1,(anonymous_27)
FNDA:0,(anonymous_28)
FNDA:2,(anonymous_29)
FNDA:2,(anonymous_30)
FNDA:3,(anonymous_31)
FNDA:0,(anonymous_32)
DA:20,1
DA:27,25
DA:32,25
DA:37,25
DA:39,25
DA:40,0
DA:46,25
DA:47,0
DA:48,0
DA:51,0
DA:52,0
DA:56,25
DA:57,0
DA:60,25
DA:61,0
DA:64,25
DA:65,0
DA:66,0
DA:69,0
DA:72,1
DA:73,0
DA:74,0
DA:76,0
DA:78,0
DA:79,0
DA:83,25
DA:84,0
DA:85,0
DA:86,0
DA:95,25
DA:96,2
DA:98,2
DA:110,25
DA:112,4
DA:113,4
DA:117,4
DA:118,1
DA:127,25
DA:128,3
DA:129,3
DA:130,3
DA:131,3
DA:139,25
DA:140,0
DA:141,0
DA:153,25
DA:155,11
DA:156,11
DA:157,11
DA:158,2
DA:162,25
DA:164,2
DA:165,2
DA:166,2
DA:167,0
DA:178,25
DA:179,9
DA:180,9
DA:181,9
DA:182,9
DA:183,9
DA:186,1
DA:187,5
DA:188,5
DA:189,2
DA:190,2
DA:191,2
DA:199,25
DA:200,2
DA:201,2
DA:209,25
DA:210,4
DA:211,4
DA:212,4
DA:213,4
DA:214,4
DA:215,3
DA:217,4
DA:218,2
DA:220,4
DA:226,25
DA:227,2
DA:233,25
DA:234,4
DA:242,25
DA:243,1
DA:244,1
DA:245,2
DA:247,1
DA:250,25
DA:251,1
DA:253,1
DA:259,25
DA:260,0
DA:263,25
DA:264,2
DA:271,25
DA:273,2
DA:274,0
DA:276,2
DA:277,1
DA:279,2
DA:280,2
DA:290,25
DA:292,3
DA:293,3
DA:297,25
DA:298,0
DA:299,0
DA:306,25
LF:110
LH:85
BRDA:32,1,0,25
BRDA:32,1,1,0
BRDA:47,2,0,0
BRDA:47,2,1,0
BRDA:117,3,0,1
BRDA:117,3,1,3
BRDA:157,4,0,2
BRDA:157,4,1,9
BRDA:166,5,0,0
BRDA:166,5,1,2
BRDA:188,6,0,2
BRDA:188,6,1,3
BRDA:210,7,0,4
BRDA:210,7,1,2
BRDA:214,8,0,3
BRDA:214,8,1,1
BRDA:214,9,0,4
BRDA:214,9,1,4
BRDA:217,10,0,2
BRDA:217,10,1,2
BRDA:227,11,0,2
BRDA:227,11,1,2
BRDA:234,12,0,4
BRDA:234,12,1,2
BRDA:273,13,0,0
BRDA:273,13,1,2
BRDA:276,14,0,1
BRDA:276,14,1,1
BRF:28
BRH:23
end_of_record
TN:
SF:./app/js/editor/editor.service.js
FN:15,(anonymous_1)
FN:23,editorService
FN:35,addPalette
FN:39,initialize
FN:42,(anonymous_5)
FN:44,(anonymous_6)
FN:49,(anonymous_7)
FN:52,(anonymous_8)
FN:56,(anonymous_9)
FN:64,initializePalette
FN:65,filterCustoms
FN:82,paletteWrapper
FN:93,getPaletteContainers
FN:120,createWidget
FN:125,createContainer
FN:130,createTabsContainer
FN:135,createFormContainer
FN:140,addWidgetAssetsToPage
FN:144,removeAssetsFromPage
FNF:19
FNH:14
FNDA:1,(anonymous_1)
FNDA:46,editorService
FNDA:1,addPalette
FNDA:6,initialize
FNDA:6,(anonymous_5)
FNDA:1,(anonymous_6)
FNDA:6,(anonymous_7)
FNDA:1,(anonymous_8)
FNDA:5,(anonymous_9)
FNDA:6,initializePalette
FNDA:12,filterCustoms
FNDA:6,paletteWrapper
FNDA:6,getPaletteContainers
FNDA:0,createWidget
FNDA:0,createContainer
FNDA:0,createTabsContainer
FNDA:0,createFormContainer
FNDA:0,addWidgetAssetsToPage
FNDA:2,removeAssetsFromPage
DA:15,1
DA:19,1
DA:23,1
DA:25,46
DA:26,46
DA:28,46
DA:35,1
DA:36,1
DA:39,1
DA:40,6
DA:43,6
DA:45,1
DA:47,6
DA:50,6
DA:53,1
DA:54,1
DA:57,5
DA:58,5
DA:59,5
DA:60,5
DA:64,1
DA:65,1
DA:66,12
DA:69,6
DA:72,6
DA:76,6
DA:77,6
DA:78,6
DA:79,6
DA:82,1
DA:83,6
DA:84,6
DA:93,1
DA:94,6
DA:95,6
DA:96,6
DA:97,6
DA:120,1
DA:121,0
DA:122,0
DA:125,1
DA:126,0
DA:127,0
DA:130,1
DA:131,0
DA:132,0
DA:135,1
DA:136,0
DA:137,0
DA:140,1
DA:141,0
DA:144,1
DA:145,2
DA:146,1
LF:54
LH:45
BRDA:145,1,0,1
BRDA:145,1,1,1
BRF:2
BRH:2
end_of_record
TN:
SF:./app/js/editor/header/header.controller.js
FN:1,(anonymous_1)
FN:1,defineProperties
FN:1,(anonymous_3)
FN:1,_classCallCheck
FN:1,(anonymous_5)
FN:5,(anonymous_6)
FN:6,EditorHeaderCtrl
FN:15,back
FN:19,(anonymous_9)
FN:19,save
FN:23,saveAs
FN:32,(anonymous_12)
FN:36,(anonymous_13)
FN:36,(anonymous_14)
FN:39,saveAndExport
FN:46,(anonymous_16)
FN:46,openHelp
FN:54,(anonymous_18)
FN:56,(anonymous_19)
FN:59,(anonymous_20)
FNF:20
FNH:15
FNDA:1,(anonymous_1)
FNDA:1,defineProperties
FNDA:1,(anonymous_3)
FNDA:0,_classCallCheck
FNDA:1,(anonymous_5)
FNDA:1,(anonymous_6)
FNDA:5,EditorHeaderCtrl
FNDA:1,back
FNDA:1,(anonymous_9)
FNDA:1,save
FNDA:1,saveAs
FNDA:0,(anonymous_12)
FNDA:1,(anonymous_13)
FNDA:1,(anonymous_14)
FNDA:1,saveAndExport
FNDA:1,(anonymous_16)
FNDA:1,openHelp
FNDA:0,(anonymous_18)
FNDA:0,(anonymous_19)
FNDA:0,(anonymous_20)
DA:1,5
DA:3,1
DA:6,1
DA:7,5
DA:8,5
DA:9,5
DA:10,5
DA:11,5
DA:12,5
DA:13,5
DA:14,5
DA:15,5
DA:18,1
DA:19,1
DA:23,1
DA:26,1
DA:27,1
DA:32,0
DA:36,1
DA:37,1
DA:38,1
DA:44,1
DA:45,1
DA:46,1
DA:49,1
DA:50,1
DA:54,0
DA:57,0
DA:58,0
DA:59,0
DA:60,1
DA:67,1
LF:32
LH:27
BRDA:1,1,0,5
BRDA:1,1,1,5
BRDA:1,2,0,5
BRDA:1,2,1,0
BRDA:1,3,0,1
BRDA:1,3,1,0
BRDA:1,4,0,0
BRDA:1,4,1,1
BRDA:1,5,0,0
BRDA:1,5,1,0
BRF:10
BRH:5
end_of_record
TN:
SF:./app/js/editor/header/save-as-popup.controller.js
FN:1,(anonymous_1)
FN:1,defineProperties
FN:1,(anonymous_3)
FN:1,_classCallCheck
FN:1,(anonymous_5)
FN:5,(anonymous_6)
FN:6,SaveAsPopUpController
FN:9,ok
FNF:8
FNH:5
FNDA:1,(anonymous_1)
FNDA:1,defineProperties
FNDA:1,(anonymous_3)
FNDA:0,_classCallCheck
FNDA:1,(anonymous_5)
FNDA:1,(anonymous_6)
FNDA:0,SaveAsPopUpController
FNDA:0,ok
DA:1,1
DA:3,1
DA:6,1
DA:7,0
DA:8,0
DA:9,1
DA:13,0
DA:14,0
DA:15,1
DA:19,1
LF:10
LH:6
BRDA:1,1,0,1
BRDA:1,1,1,1
BRDA:1,2,0,1
BRDA:1,2,1,0
BRDA:1,3,0,1
BRDA:1,3,1,0
BRDA:1,4,0,0
BRDA:1,4,1,1
BRDA:1,5,0,0
BRDA:1,5,1,0
BRF:10
BRH:5
end_of_record
TN:
SF:./app/js/editor/palette/editor-palette-directive.js
FN:15,(anonymous_1)
FN:27,editorPaletteDirective
FN:39,EditorPaletteCtrl
FN:56,toggleSection
FN:61,isActiveSection
FN:65,resize
FN:72,isNarrow
FN:76,isClosed
FN:80,getIconClassName
FNF:9
FNH:9
FNDA:1,(anonymous_1)
FNDA:14,editorPaletteDirective
FNDA:14,EditorPaletteCtrl
FNDA:5,toggleSection
FNDA:99,isActiveSection
FNDA:19,resize
FNDA:67,isNarrow
FNDA:21,isClosed
FNDA:96,getIconClassName
DA:15,1
DA:19,1
DA:27,1
DA:28,14
DA:39,1
DA:41,14
DA:46,14
DA:47,14
DA:48,14
DA:49,14
DA:50,14
DA:51,14
DA:52,14
DA:54,14
DA:56,1
DA:57,5
DA:58,5
DA:61,1
DA:62,99
DA:65,1
DA:66,19
DA:72,1
DA:73,67
DA:76,1
DA:77,21
DA:80,1
DA:81,96
LF:27
LH:27
BRDA:57,1,0,2
BRDA:57,1,1,3
BRDA:73,2,0,67
BRDA:73,2,1,65
BRF:4
BRH:4
end_of_record
TN:
SF:./app/js/editor/palette/palette-widget.directive.js
FN:15,(anonymous_1)
FN:26,paletteWidget
FN:33,(anonymous_3)
FN:34,(anonymous_4)
FNF:4
FNH:4
FNDA:1,(anonymous_1)
FNDA:15,paletteWidget
FNDA:161,(anonymous_3)
FNDA:161,(anonymous_4)
DA:15,1
DA:19,1
DA:26,1
DA:27,15
DA:34,161
DA:35,161
DA:36,161
LF:7
LH:7
BRDA:36,1,0,161
BRDA:36,1,1,161
BRF:2
BRH:2
end_of_record
TN:
SF:./app/js/editor/palette/palette.service.js
FN:15,(anonymous_1)
FN:30,paletteService
FN:36,getSections
FN:38,(anonymous_4)
FN:50,(anonymous_5)
FNF:5
FNH:5
FNDA:1,(anonymous_1)
FNDA:15,paletteService
FNDA:1,getSections
FNDA:1,(anonymous_4)
FNDA:1,(anonymous_5)
DA:15,1
DA:19,1
DA:30,1
DA:32,15
DA:36,1
DA:37,1
DA:38,1
DA:39,1
DA:40,1
DA:46,1
DA:47,1
DA:50,1
DA:51,1
LF:13
LH:13
BRDA:40,1,0,1
BRDA:40,1,1,1
BRF:2
BRH:2
end_of_record
TN:
SF:./app/js/editor/properties-panel/property-field.controller.js
FN:18,(anonymous_1)
FN:24,(anonymous_2)
FN:33,(anonymous_3)
FN:38,(anonymous_4)
FN:45,(anonymous_5)
FN:52,(anonymous_6)
FN:62,(anonymous_7)
FNF:7
FNH:7
FNDA:22,(anonymous_1)
FNDA:57,(anonymous_2)
FNDA:1,(anonymous_3)
FNDA:8,(anonymous_4)
FNDA:200,(anonymous_5)
FNDA:41,(anonymous_6)
FNDA:55,(anonymous_7)
DA:18,1
DA:22,22
DA:24,22
DA:27,57
DA:28,55
DA:30,2
DA:33,22
DA:34,1
DA:37,22
DA:38,22
DA:39,8
DA:40,8
DA:41,8
DA:42,8
DA:45,22
DA:46,200
DA:50,22
DA:52,22
DA:53,41
DA:55,41
DA:56,1
DA:59,41
DA:62,22
DA:63,55
LF:24
LH:24
BRDA:22,1,0,22
BRDA:22,1,1,1
BRDA:27,2,0,55
BRDA:27,2,1,2
BRDA:39,3,0,8
BRDA:39,3,1,7
BRDA:41,4,0,3
BRDA:41,4,1,5
BRDA:53,5,0,36
BRDA:53,5,1,5
BRDA:55,6,0,1
BRDA:55,6,1,40
BRDA:55,7,0,41
BRDA:55,7,1,1
BRF:14
BRH:14
end_of_record
TN:
SF:./app/js/editor/properties-panel/property-field.directive.js
FN:15,(anonymous_1)
FNF:1
FNH:1
FNDA:8,(anonymous_1)
DA:15,1
DA:19,8
LF:2
LH:2
BRF:0
BRH:0
end_of_record
TN:
SF:./app/js/editor/whiteboard/component-highlighter.directive.js
FN:15,(anonymous_1)
FN:18,(anonymous_2)
FN:21,(anonymous_3)
FN:25,onMouseOver
FN:43,onMouseLeave
FNF:5
FNH:1
FNDA:1,(anonymous_1)
FNDA:0,(anonymous_2)
FNDA:0,(anonymous_3)
FNDA:0,onMouseOver
FNDA:0,onMouseLeave
DA:15,1
DA:18,1
DA:19,0
DA:22,0
DA:23,0
DA:25,1
DA:26,0
DA:27,0
DA:28,0
DA:29,0
DA:30,0
DA:32,0
DA:33,0
DA:35,0
DA:36,0
DA:37,0
DA:39,0
DA:43,1
DA:44,0
DA:45,0
DA:46,0
DA:50,0
DA:52,0
DA:53,0
LF:24
LH:4
BRDA:28,1,0,0
BRDA:28,1,1,0
BRDA:29,2,0,0
BRDA:29,2,1,0
BRDA:32,3,0,0
BRDA:32,3,1,0
BRDA:44,4,0,0
BRDA:44,4,1,0
BRF:8
BRH:0
end_of_record
TN:
SF:./app/js/editor/whiteboard/component-id.service.js
FN:1,(anonymous_1)
FN:9,componentIdService
FN:16,getNextId
FNF:3
FNH:3
FNDA:1,(anonymous_1)
FNDA:69,componentIdService
FNDA:22,getNextId
DA:1,1
DA:5,1
DA:9,1
DA:11,69
DA:12,69
DA:16,1
DA:17,22
DA:18,7
DA:20,15
DA:22,22
LF:10
LH:10
BRDA:17,1,0,7
BRDA:17,1,1,15
BRF:2
BRH:2
end_of_record
TN:
SF:./app/js/editor/whiteboard/component-mover.controller.js
FN:18,(anonymous_1)
FN:19,(anonymous_2)
FN:23,hasParent
FN:27,(anonymous_4)
FN:31,(anonymous_5)
FN:35,(anonymous_6)
FN:39,(anonymous_7)
FNF:7
FNH:7
FNDA:12,(anonymous_1)
FNDA:29,(anonymous_2)
FNDA:62,hasParent
FNDA:32,(anonymous_4)
FNDA:30,(anonymous_5)
FNDA:2,(anonymous_6)
FNDA:3,(anonymous_7)
DA:18,1
DA:19,12
DA:20,29
DA:23,1
DA:24,62
DA:27,12
DA:28,32
DA:31,12
DA:32,30
DA:35,12
DA:36,2
DA:39,12
DA:40,3
LF:13
LH:13
BRDA:24,1,0,62
BRDA:24,1,1,62
BRDA:28,2,0,32
BRDA:28,2,1,13
BRDA:32,3,0,30
BRDA:32,3,1,11
BRF:6
BRH:6
end_of_record
TN:
SF:./app/js/editor/whiteboard/component-mover.directive.js
FN:15,(anonymous_1)
FNF:1
FNH:1
FNDA:17,(anonymous_1)
DA:15,1
DA:19,17
LF:2
LH:2
BRF:0
BRH:0
end_of_record
TN:
SF:./app/js/editor/whiteboard/component-scope-builder.service.js
FN:21,(anonymous_1)
FN:25,(anonymous_2)
FN:36,(anonymous_3)
FN:37,(anonymous_4)
FN:40,(anonymous_5)
FN:41,(anonymous_6)
FN:48,(anonymous_7)
FNF:7
FNH:7
FNDA:20,(anonymous_1)
FNDA:5,(anonymous_2)
FNDA:5,(anonymous_3)
FNDA:5,(anonymous_4)
FNDA:2,(anonymous_5)
FNDA:2,(anonymous_6)
FNDA:1,(anonymous_7)
DA:21,1
DA:25,20
DA:26,5
DA:28,5
DA:29,5
DA:32,5
DA:35,5
DA:36,5
DA:37,5
DA:40,5
DA:41,2
DA:43,5
DA:48,5
DA:50,5
DA:53,20
LF:15
LH:15
BRDA:30,1,0,5
BRDA:30,1,1,4
BRDA:30,1,2,4
BRDA:40,2,0,5
BRDA:40,2,1,3
BRF:5
BRH:5
end_of_record
TN:
SF:./app/js/editor/whiteboard/component-utils.service.js
FN:15,(anonymous_1)
FN:23,componentUtilsService
FN:49,getTabRows
FN:60,flattenReducer
FN:69,isContainer
FN:79,getVisibleComponents
FN:85,(anonymous_7)
FN:100,isChildOf
FN:117,(anonymous_9)
FN:128,isMovable
FN:142,columnWidth
FN:157,columnClass
FN:166,distributeComponentSize
FN:168,(anonymous_14)
FN:174,(anonymous_15)
FN:175,(anonymous_16)
FN:185,(anonymous_17)
FN:196,(anonymous_18)
FN:204,getWidth
FN:212,setWidth
FN:216,isEmpty
FN:217,(anonymous_22)
FNF:22
FNH:22
FNDA:1,(anonymous_1)
FNDA:128,componentUtilsService
FNDA:51,getTabRows
FNDA:144,flattenReducer
FNDA:21,isContainer
FNDA:6,getVisibleComponents
FNDA:18,(anonymous_7)
FNDA:89,isChildOf
FNDA:75,(anonymous_9)
FNDA:7,isMovable
FNDA:12,columnWidth
FNDA:3,columnClass
FNDA:12,distributeComponentSize
FNDA:12,(anonymous_14)
FNDA:12,(anonymous_15)
FNDA:9,(anonymous_16)
FNDA:10,(anonymous_17)
FNDA:2,(anonymous_18)
FNDA:4,getWidth
FNDA:1,setWidth
FNDA:143,isEmpty
FNDA:145,(anonymous_22)
DA:15,1
DA:19,1
DA:23,1
DA:25,128
DA:42,128
DA:49,1
DA:50,51
DA:60,1
DA:61,144
DA:69,1
DA:70,21
DA:79,1
DA:81,6
DA:83,6
DA:86,18
DA:87,18
DA:88,4
DA:90,14
DA:100,1
DA:101,89
DA:102,8
DA:106,81
DA:110,81
DA:111,17
DA:115,64
DA:118,75
DA:128,1
DA:129,7
DA:131,7
DA:132,6
DA:135,1
DA:142,1
DA:143,12
DA:147,12
DA:148,13
DA:149,13
DA:150,11
DA:154,1
DA:157,1
DA:158,3
DA:166,1
DA:167,12
DA:168,12
DA:169,12
DA:171,12
DA:172,12
DA:174,12
DA:175,12
DA:176,9
DA:178,12
DA:179,12
DA:181,9
DA:182,9
DA:185,3
DA:186,10
DA:190,3
DA:191,2
DA:196,1
DA:197,2
DA:204,1
DA:205,4
DA:206,1
DA:209,3
DA:212,1
DA:213,1
DA:216,1
DA:217,143
DA:218,145
LF:68
LH:68
BRDA:50,1,0,51
BRDA:50,1,1,51
BRDA:50,1,2,0
BRDA:81,2,0,6
BRDA:81,2,1,2
BRDA:81,2,2,2
BRDA:87,3,0,4
BRDA:87,3,1,14
BRDA:101,4,0,8
BRDA:101,4,1,81
BRDA:106,5,0,81
BRDA:106,5,1,67
BRDA:106,6,0,67
BRDA:106,6,1,16
BRDA:110,7,0,17
BRDA:110,7,1,64
BRDA:131,8,0,6
BRDA:131,8,1,1
BRDA:131,9,0,7
BRDA:131,9,1,4
BRDA:132,10,0,6
BRDA:132,10,1,3
BRDA:149,11,0,11
BRDA:149,11,1,2
BRDA:179,12,0,9
BRDA:179,12,1,3
BRDA:190,13,0,2
BRDA:190,13,1,1
BRDA:205,14,0,1
BRDA:205,14,1,3
BRDA:217,15,0,143
BRDA:217,15,1,0
BRF:32
BRH:30
end_of_record
TN:
SF:./app/js/editor/whiteboard/component.directive.js
FN:20,(anonymous_1)
FN:34,(anonymous_2)
FNF:2
FNH:2
FNDA:17,(anonymous_1)
FNDA:2,(anonymous_2)
DA:20,1
DA:24,17
DA:35,2
DA:37,2
DA:39,2
DA:40,2
DA:41,2
LF:7
LH:7
BRDA:37,1,0,2
BRDA:37,1,1,0
BRF:2
BRH:1
end_of_record
TN:
SF:./app/js/editor/whiteboard/container.controller.js
FN:18,(anonymous_1)
FN:24,(anonymous_2)
FN:29,(anonymous_3)
FN:34,(anonymous_4)
FN:38,(anonymous_5)
FN:48,(anonymous_6)
FN:59,(anonymous_7)
FN:64,(anonymous_8)
FN:81,(anonymous_9)
FN:90,(anonymous_10)
FN:101,(anonymous_11)
FN:105,(anonymous_12)
FNF:12
FNH:12
FNDA:53,(anonymous_1)
FNDA:1,(anonymous_2)
FNDA:1,(anonymous_3)
FNDA:197,(anonymous_4)
FNDA:172,(anonymous_5)
FNDA:3,(anonymous_6)
FNDA:2,(anonymous_7)
FNDA:5,(anonymous_8)
FNDA:5,(anonymous_9)
FNDA:5,(anonymous_10)
FNDA:139,(anonymous_11)
FNDA:87,(anonymous_12)
DA:18,1
DA:22,53
DA:24,53
DA:25,1
DA:26,1
DA:29,53
DA:30,1
DA:31,1
DA:34,53
DA:35,197
DA:38,53
DA:39,172
DA:48,53
DA:51,3
DA:52,1
DA:55,2
DA:56,2
DA:59,53
DA:60,2
DA:61,2
DA:64,53
DA:66,5
DA:68,5
DA:70,3
DA:71,2
DA:73,1
DA:74,1
DA:75,1
DA:78,2
DA:81,53
DA:82,5
DA:84,5
DA:85,3
DA:87,5
DA:90,53
DA:91,5
DA:94,5
DA:95,4
DA:96,4
DA:98,5
DA:101,53
DA:102,139
DA:105,53
DA:106,87
LF:44
LH:44
BRDA:51,1,0,1
BRDA:51,1,1,2
BRDA:51,2,0,3
BRDA:51,2,1,3
BRDA:66,3,0,5
BRDA:66,3,1,1
BRDA:68,4,0,3
BRDA:68,4,1,2
BRDA:70,5,0,2
BRDA:70,5,1,1
BRDA:70,6,0,3
BRDA:70,6,1,3
BRDA:82,7,0,5
BRDA:82,7,1,4
BRDA:84,8,0,3
BRDA:84,8,1,2
BRDA:84,9,0,5
BRDA:84,9,1,3
BRDA:91,10,0,5
BRDA:91,10,1,4
BRDA:94,11,0,4
BRDA:94,11,1,1
BRDA:94,12,0,5
BRDA:94,12,1,3
BRDA:106,13,0,87
BRDA:106,13,1,87
BRDA:106,13,2,2
BRDA:106,13,3,2
BRF:28
BRH:28
end_of_record
TN:
SF:./app/js/editor/whiteboard/container.directive.js
FN:19,(anonymous_1)
FN:33,(anonymous_2)
FN:34,(anonymous_3)
FNF:3
FNH:3
FNDA:15,(anonymous_1)
FNDA:14,(anonymous_2)
FNDA:27,(anonymous_3)
DA:19,1
DA:23,15
DA:34,14
LF:3
LH:3
BRF:0
BRH:0
end_of_record
TN:
SF:./app/js/editor/whiteboard/data.filter.js
FN:15,(anonymous_1)
FN:27,dataFilter
FN:29,(anonymous_3)
FNF:3
FNH:3
FNDA:1,(anonymous_1)
FNDA:27,dataFilter
FNDA:12,(anonymous_3)
DA:15,1
DA:19,1
DA:27,1
DA:29,27
DA:30,12
DA:31,2
DA:32,10
DA:33,3
DA:37,3
DA:38,1
DA:41,2
DA:43,7
LF:12
LH:12
BRDA:30,1,0,2
BRDA:30,1,1,10
BRDA:30,2,0,12
BRDA:30,2,1,12
BRDA:32,3,0,3
BRDA:32,3,1,7
BRDA:37,4,0,1
BRDA:37,4,1,2
BRF:8
BRH:8
end_of_record
TN:
SF:./app/js/editor/whiteboard/drop-zone.directive.js
FN:16,(anonymous_1)
FN:24,(anonymous_2)
FN:58,movePosition
FN:130,notAllowedToMoveContainer
FN:140,dropAtPosition
FN:145,(anonymous_6)
FN:154,(anonymous_7)
FNF:7
FNH:7
FNDA:35,(anonymous_1)
FNDA:35,(anonymous_2)
FNDA:25,movePosition
FNDA:25,notAllowedToMoveContainer
FNDA:6,dropAtPosition
FNDA:18,(anonymous_6)
FNDA:13,(anonymous_7)
DA:15,1
DA:20,35
DA:58,1
DA:60,25
DA:64,25
DA:65,1
DA:69,24
DA:70,3
DA:73,24
DA:76,5
DA:77,5
DA:80,5
DA:81,5
DA:83,5
DA:84,1
DA:89,19
DA:93,19
DA:94,6
DA:98,13
DA:99,2
DA:103,11
DA:104,1
DA:108,10
DA:109,2
DA:112,8
DA:115,8
DA:116,1
DA:120,13
DA:130,1
DA:131,25
DA:140,1
DA:141,6
DA:142,6
DA:145,35
DA:148,18
DA:149,15
DA:151,3
DA:154,35
DA:155,13
DA:156,10
DA:158,3
LF:41
LH:41
BRDA:64,1,0,1
BRDA:64,1,1,24
BRDA:69,2,0,3
BRDA:69,2,1,21
BRDA:69,3,0,24
BRDA:69,3,1,11
BRDA:73,4,0,5
BRDA:73,4,1,19
BRDA:83,5,0,1
BRDA:83,5,1,4
BRDA:83,6,0,5
BRDA:83,6,1,1
BRDA:93,7,0,6
BRDA:93,7,1,13
BRDA:98,8,0,2
BRDA:98,8,1,11
BRDA:98,9,0,13
BRDA:98,9,1,7
BRDA:98,9,2,3
BRDA:103,10,0,1
BRDA:103,10,1,10
BRDA:103,11,0,11
BRDA:103,11,1,3
BRDA:108,12,0,2
BRDA:108,12,1,8
BRDA:108,13,0,10
BRDA:108,13,1,4
BRDA:115,14,0,1
BRDA:115,14,1,7
BRDA:115,15,0,8
BRDA:115,15,1,4
BRDA:141,16,0,3
BRDA:141,16,1,3
BRDA:148,17,0,15
BRDA:148,17,1,3
BRDA:155,18,0,10
BRDA:155,18,1,3
BRF:37
BRH:37
end_of_record
TN:
SF:./app/js/editor/whiteboard/form-container.directive.js
FN:16,(anonymous_1)
FNF:1
FNH:1
FNDA:1,(anonymous_1)
DA:15,1
DA:20,1
LF:2
LH:2
BRF:0
BRH:0
end_of_record
TN:
SF:./app/js/editor/whiteboard/page-element-factory.service.js
FN:1,(anonymous_1)
FN:9,pageElementFactory
FN:19,createElement
FN:33,createWidgetElement
FN:40,getType
FN:45,createContainerElement
FN:54,createTabsContainerElement
FN:64,createTabElement
FN:76,createFormContainerElement
FNF:9
FNH:9
FNDA:1,(anonymous_1)
FNDA:62,pageElementFactory
FNDA:5,createElement
FNDA:2,createWidgetElement
FNDA:2,getType
FNDA:1,createContainerElement
FNDA:1,createTabsContainerElement
FNDA:5,createTabElement
FNDA:1,createFormContainerElement
DA:1,1
DA:5,1
DA:9,1
DA:11,62
DA:19,1
DA:20,5
DA:33,1
DA:34,2
DA:35,2
DA:40,1
DA:42,2
DA:45,1
DA:46,1
DA:47,1
DA:54,1
DA:55,1
DA:56,1
DA:64,1
DA:65,5
DA:76,1
DA:77,1
DA:78,1
LF:22
LH:22
BRDA:42,1,0,2
BRDA:42,1,1,0
BRDA:42,2,0,2
BRDA:42,2,1,1
BRF:4
BRH:3
end_of_record
TN:
SF:./app/js/editor/whiteboard/tabs-container.controller.js
FN:18,(anonymous_1)
FN:22,(anonymous_2)
FN:27,(anonymous_3)
FN:33,(anonymous_4)
FN:37,(anonymous_5)
FN:41,(anonymous_6)
FN:45,(anonymous_7)
FN:49,(anonymous_8)
FN:57,(anonymous_9)
FN:61,(anonymous_10)
FNF:10
FNH:10
FNDA:16,(anonymous_1)
FNDA:6,(anonymous_2)
FNDA:126,(anonymous_3)
FNDA:56,(anonymous_4)
FNDA:56,(anonymous_5)
FNDA:1,(anonymous_6)
FNDA:1,(anonymous_7)
FNDA:2,(anonymous_8)
FNDA:54,(anonymous_9)
FNDA:3,(anonymous_10)
DA:18,1
DA:22,16
DA:23,6
DA:24,6
DA:27,16
DA:28,126
DA:31,16
DA:33,16
DA:34,56
DA:37,16
DA:38,56
DA:41,16
DA:42,1
DA:45,16
DA:46,1
DA:49,16
DA:50,2
DA:51,2
DA:52,2
DA:53,2
DA:54,2
DA:57,16
DA:58,54
DA:61,16
DA:62,3
DA:63,3
DA:64,3
DA:65,3
DA:66,3
DA:67,3
DA:68,3
LF:31
LH:31
BRDA:34,1,0,56
BRDA:34,1,1,14
BRDA:38,2,0,56
BRDA:38,2,1,14
BRDA:58,3,0,54
BRDA:58,3,1,14
BRDA:64,4,0,0
BRDA:64,4,1,3
BRDA:65,5,0,2
BRDA:65,5,1,1
BRF:10
BRH:9
end_of_record
TN:
SF:./app/js/editor/whiteboard/tabs-container.directive.js
FN:18,(anonymous_1)
FNF:1
FNH:1
FNDA:5,(anonymous_1)
DA:18,1
DA:22,5
LF:2
LH:2
BRF:0
BRH:0
end_of_record
TN:
SF:./app/js/editor/whiteboard/uiTranslate.filter.js
FN:1,(anonymous_1)
FN:7,(anonymous_2)
FN:8,(anonymous_3)
FNF:3
FNH:1
FNDA:1,(anonymous_1)
FNDA:0,(anonymous_2)
FNDA:0,(anonymous_3)
DA:1,1
DA:4,1
DA:8,0
DA:9,0
LF:4
LH:2
BRF:0
BRH:0
end_of_record
TN:
SF:./app/js/editor/whiteboard/whiteboard-component-wrapper.service.js
FN:15,(anonymous_1)
FN:23,whiteboardComponentWrapper
FN:39,wrapRow
FN:44,(anonymous_4)
FN:49,wrapPage
FN:60,wrapWidget
FN:80,wrapContainer
FN:95,wrapTabsContainer
FN:106,(anonymous_9)
FN:114,wrapTab
FN:126,wrapFormContainer
FNF:11
FNH:11
FNDA:1,(anonymous_1)
FNDA:67,whiteboardComponentWrapper
FNDA:12,wrapRow
FNDA:10,(anonymous_4)
FNDA:4,wrapPage
FNDA:5,wrapWidget
FNDA:7,wrapContainer
FNDA:3,wrapTabsContainer
FNDA:4,(anonymous_9)
FNDA:7,wrapTab
FNDA:3,wrapFormContainer
DA:15,1
DA:19,1
DA:23,1
DA:25,67
DA:33,67
DA:39,1
DA:40,12
DA:44,12
DA:45,10
DA:49,1
DA:50,4
DA:60,1
DA:67,5
DA:76,5
DA:77,5
DA:80,1
DA:81,7
DA:91,7
DA:92,7
DA:95,1
DA:96,3
DA:106,3
DA:107,4
DA:108,4
DA:111,3
DA:114,1
DA:115,7
DA:126,1
DA:127,3
DA:137,3
DA:138,3
LF:31
LH:31
BRF:0
BRH:0
end_of_record
TN:
SF:./app/js/editor/whiteboard/whiteboard.service.js
FN:1,(anonymous_1)
FN:9,whiteboardService
FN:30,reset
FN:34,contains
FN:38,registerOnWidgetRemoveFunction
FN:42,registerOnWidgetAddFunction
FN:46,onRemoveWidget
FN:51,onAddWidget
FN:55,onInitWidget
FN:63,executeFunctionsForComponent
FN:64,(anonymous_11)
FN:69,onRemoveRow
FN:70,(anonymous_13)
FN:75,onRemoveContainer
FN:79,onRemoveTabsContainer
FN:83,onRemoveTab
FN:87,onRemoveFormContainer
FNF:17
FNH:17
FNDA:1,(anonymous_1)
FNDA:77,whiteboardService
FNDA:5,reset
FNDA:6,contains
FNDA:48,registerOnWidgetRemoveFunction
FNDA:48,registerOnWidgetAddFunction
FNDA:3,onRemoveWidget
FNDA:1,onAddWidget
FNDA:9,onInitWidget
FNDA:4,executeFunctionsForComponent
FNDA:4,(anonymous_11)
FNDA:11,onRemoveRow
FNDA:15,(anonymous_13)
FNDA:5,onRemoveContainer
FNDA:1,onRemoveTabsContainer
FNDA:3,onRemoveTab
FNDA:1,onRemoveFormContainer
DA:1,1
DA:5,1
DA:9,1
DA:10,77
DA:11,77
DA:13,77
DA:15,77
DA:30,1
DA:31,5
DA:34,1
DA:35,6
DA:38,1
DA:39,48
DA:42,1
DA:43,48
DA:46,1
DA:47,3
DA:48,3
DA:51,1
DA:52,1
DA:55,1
DA:56,9
DA:63,1
DA:64,4
DA:65,4
DA:69,1
DA:70,11
DA:71,15
DA:75,1
DA:76,5
DA:79,1
DA:80,1
DA:83,1
DA:84,3
DA:87,1
DA:88,1
LF:36
LH:36
BRF:0
BRH:0
end_of_record
TN:
SF:./app/js/home/artifact-factory.service.js
FN:1,(anonymous_1)
FN:1,defineProperties
FN:1,(anonymous_3)
FN:1,_classCallCheck
FN:19,(anonymous_5)
FN:22,(anonymous_6)
FN:23,ArtifactFactories
FN:30,(anonymous_8)
FN:38,(anonymous_9)
FN:45,(anonymous_10)
FN:52,(anonymous_11)
FN:53,getFactory
FN:58,getFactories
FN:61,createPage
FN:64,createWidget
FN:111,(anonymous_16)
FNF:16
FNH:13
FNDA:1,(anonymous_1)
FNDA:1,defineProperties
FNDA:1,(anonymous_3)
FNDA:0,_classCallCheck
FNDA:1,(anonymous_5)
FNDA:1,(anonymous_6)
FNDA:5,ArtifactFactories
FNDA:1,(anonymous_8)
FNDA:0,(anonymous_9)
FNDA:0,(anonymous_10)
FNDA:1,(anonymous_11)
FNDA:8,getFactory
FNDA:6,getFactories
FNDA:1,createPage
FNDA:1,createWidget
FNDA:5,(anonymous_16)
DA:1,4
DA:19,1
DA:20,1
DA:23,5
DA:24,5
DA:30,1
DA:38,0
DA:45,0
DA:52,1
DA:53,1
DA:58,8
DA:61,6
DA:64,1
DA:67,1
DA:68,1
DA:70,1
DA:102,1
DA:109,1
DA:111,5
LF:19
LH:17
BRDA:1,1,0,4
BRDA:1,1,1,4
BRDA:1,2,0,4
BRDA:1,2,1,0
BRDA:1,3,0,1
BRDA:1,3,1,0
BRDA:1,4,0,0
BRDA:1,4,1,1
BRDA:1,5,0,0
BRDA:1,5,1,0
BRF:10
BRH:5
end_of_record
TN:
SF:./app/js/home/artifact-list/artifact-list.directive.js
FN:1,(anonymous_1)
FN:1,defineProperties
FN:1,(anonymous_3)
FN:1,_classCallCheck
FN:15,(anonymous_5)
FN:18,(anonymous_6)
FN:20,ArtifactListController
FN:23,(anonymous_8)
FN:24,translateKeys
FN:33,deleteArtifact
FN:43,(anonymous_11)
FN:44,(anonymous_12)
FN:49,(anonymous_13)
FN:58,toggleItemEdition
FN:60,isInEditionMode
FN:72,renameItem
FN:78,(anonymous_17)
FN:79,(anonymous_18)
FN:89,(anonymous_19)
FN:93,(anonymous_20)
FNF:20
FNH:16
FNDA:1,(anonymous_1)
FNDA:1,defineProperties
FNDA:1,(anonymous_3)
FNDA:0,_classCallCheck
FNDA:1,(anonymous_5)
FNDA:1,(anonymous_6)
FNDA:7,ArtifactListController
FNDA:139,(anonymous_8)
FNDA:133,translateKeys
FNDA:1,deleteArtifact
FNDA:0,(anonymous_11)
FNDA:0,(anonymous_12)
FNDA:1,(anonymous_13)
FNDA:3,toggleItemEdition
FNDA:82,isInEditionMode
FNDA:2,renameItem
FNDA:1,(anonymous_17)
FNDA:2,(anonymous_18)
FNDA:0,(anonymous_19)
FNDA:7,(anonymous_20)
DA:1,5
DA:15,1
DA:16,1
DA:20,7
DA:21,7
DA:22,7
DA:23,139
DA:24,7
DA:28,133
DA:36,1
DA:37,1
DA:38,1
DA:43,0
DA:44,0
DA:48,1
DA:49,1
DA:60,3
DA:64,82
DA:73,2
DA:75,2
DA:76,2
DA:78,1
DA:79,2
DA:89,2
DA:93,7
LF:25
LH:23
BRDA:1,1,0,5
BRDA:1,1,1,5
BRDA:1,2,0,5
BRDA:1,2,1,0
BRDA:1,3,0,1
BRDA:1,3,1,0
BRDA:1,4,0,0
BRDA:1,4,1,1
BRDA:1,5,0,0
BRDA:1,5,1,0
BRDA:28,6,0,133
BRDA:28,6,1,0
BRDA:37,7,0,1
BRDA:37,7,1,0
BRDA:60,8,0,0
BRDA:60,8,1,3
BRDA:75,9,0,2
BRDA:75,9,1,0
BRF:18
BRH:9
end_of_record
TN:
SF:./app/js/home/artifact-list/deletion-popup.controller.js
FN:15,(anonymous_1)
FN:25,(anonymous_2)
FN:29,(anonymous_3)
FNF:3
FNH:3
FNDA:3,(anonymous_1)
FNDA:1,(anonymous_2)
FNDA:1,(anonymous_3)
DA:15,1
DA:22,3
DA:23,3
DA:25,3
DA:26,1
DA:29,3
DA:30,1
LF:7
LH:7
BRF:0
BRH:0
end_of_record
TN:
SF:./app/js/home/artifact-list/favorite-button.directive.js
FN:1,(anonymous_1)
FN:9,favoriteButton
FN:23,FavoriteButtonCtrl
FN:26,(anonymous_4)
FN:35,(anonymous_5)
FNF:5
FNH:5
FNDA:1,(anonymous_1)
FNDA:12,favoriteButton
FNDA:19,FavoriteButtonCtrl
FNDA:2,(anonymous_4)
FNDA:99,(anonymous_5)
DA:1,1
DA:5,1
DA:9,1
DA:10,12
DA:23,1
DA:24,19
DA:26,19
DA:27,2
DA:28,1
DA:30,1
DA:32,2
DA:35,19
DA:36,99
LF:13
LH:13
BRDA:27,1,0,1
BRDA:27,1,1,1
BRF:2
BRH:2
end_of_record
TN:
SF:./app/js/home/artifact-store.service.js
FN:1,(anonymous_1)
FN:1,defineProperties
FN:1,(anonymous_3)
FN:1,_toConsumableArray
FN:1,_classCallCheck
FN:15,(anonymous_6)
FN:18,(anonymous_7)
FN:20,ArtifactStore
FN:23,(anonymous_9)
FN:23,load
FN:28,(anonymous_11)
FN:29,(anonymous_12)
FN:29,registerRepository
FNF:13
FNH:12
FNDA:1,(anonymous_1)
FNDA:1,defineProperties
FNDA:1,(anonymous_3)
FNDA:6,_toConsumableArray
FNDA:0,_classCallCheck
FNDA:1,(anonymous_6)
FNDA:1,(anonymous_7)
FNDA:2,ArtifactStore
FNDA:1,(anonymous_9)
FNDA:1,load
FNDA:3,(anonymous_11)
FNDA:1,(anonymous_12)
FNDA:1,registerRepository
DA:1,28
DA:15,1
DA:16,1
DA:20,2
DA:21,2
DA:22,2
DA:23,1
DA:28,3
DA:29,1
DA:33,1
DA:36,1
LF:11
LH:11
BRDA:1,1,0,2
BRDA:1,1,1,2
BRDA:1,2,0,2
BRDA:1,2,1,0
BRDA:1,3,0,1
BRDA:1,3,1,0
BRDA:1,4,0,0
BRDA:1,4,1,1
BRDA:1,5,0,6
BRDA:1,5,1,0
BRDA:1,6,0,0
BRDA:1,6,1,0
BRF:12
BRH:6
end_of_record
TN:
SF:./app/js/home/create/home-create.directive.js
FN:1,(anonymous_1)
FN:1,defineProperties
FN:1,(anonymous_3)
FN:1,_classCallCheck
FN:15,(anonymous_5)
FN:19,(anonymous_6)
FN:20,CreateArtifactCtrl
FN:25,close
FN:29,isNameUniqueIfRelevantForType
FN:35,(anonymous_10)
FN:36,(anonymous_11)
FN:36,create
FN:40,(anonymous_13)
FN:49,(anonymous_14)
FNF:14
FNH:12
FNDA:1,(anonymous_1)
FNDA:1,defineProperties
FNDA:1,(anonymous_3)
FNDA:0,_classCallCheck
FNDA:1,(anonymous_5)
FNDA:1,(anonymous_6)
FNDA:4,CreateArtifactCtrl
FNDA:0,close
FNDA:4,isNameUniqueIfRelevantForType
FNDA:2,(anonymous_10)
FNDA:1,(anonymous_11)
FNDA:2,create
FNDA:2,(anonymous_13)
FNDA:4,(anonymous_14)
DA:1,3
DA:15,1
DA:17,1
DA:20,4
DA:21,4
DA:22,4
DA:23,4
DA:24,4
DA:25,4
DA:29,0
DA:33,4
DA:35,2
DA:36,1
DA:39,2
DA:40,2
DA:42,1
DA:47,1
DA:49,4
LF:18
LH:17
BRDA:1,1,0,3
BRDA:1,1,1,3
BRDA:1,2,0,3
BRDA:1,2,1,0
BRDA:1,3,0,1
BRDA:1,3,1,0
BRDA:1,4,0,0
BRDA:1,4,1,1
BRDA:1,5,0,0
BRDA:1,5,1,0
BRDA:33,6,0,4
BRDA:33,6,1,1
BRDA:34,7,0,1
BRDA:34,7,1,0
BRF:14
BRH:8
end_of_record
TN:
SF:./app/js/home/home.controller.js
FN:1,_classCallCheck
FN:18,(anonymous_2)
FN:22,HomeCtrl
FN:34,(anonymous_4)
FN:35,(anonymous_5)
FN:36,(anonymous_6)
FN:36,(anonymous_7)
FN:42,(anonymous_8)
FN:45,(anonymous_9)
FN:51,(anonymous_10)
FN:54,filterArtifacts
FN:55,(anonymous_12)
FNF:12
FNH:10
FNDA:0,_classCallCheck
FNDA:1,(anonymous_2)
FNDA:1,HomeCtrl
FNDA:2,(anonymous_4)
FNDA:2,(anonymous_5)
FNDA:2,(anonymous_6)
FNDA:6,(anonymous_7)
FNDA:0,(anonymous_8)
FNDA:4,(anonymous_9)
FNDA:1,(anonymous_10)
FNDA:3,filterArtifacts
FNDA:12,(anonymous_12)
DA:1,1
DA:18,1
DA:19,1
DA:22,1
DA:24,1
DA:34,2
DA:35,2
DA:36,2
DA:37,6
DA:38,6
DA:42,1
DA:44,1
DA:45,4
DA:50,1
DA:51,1
DA:52,1
DA:54,1
DA:55,12
DA:63,1
LF:19
LH:19
BRDA:1,1,0,0
BRDA:1,1,1,0
BRDA:55,2,0,12
BRDA:55,2,1,0
BRF:4
BRH:1
end_of_record
TN:
SF:./app/js/home/import/home-import.directive.js
FN:1,(anonymous_1)
FN:1,defineProperties
FN:1,(anonymous_3)
FN:1,_classCallCheck
FN:15,(anonymous_5)
FN:18,(anonymous_6)
FN:19,ImportArtifactCtrl
FN:27,close
FN:32,onComplete
FN:39,(anonymous_10)
FN:40,(anonymous_11)
FN:41,manageImportReport
FN:50,(anonymous_13)
FN:58,(anonymous_14)
FNF:14
FNH:13
FNDA:1,(anonymous_1)
FNDA:1,defineProperties
FNDA:1,(anonymous_3)
FNDA:0,_classCallCheck
FNDA:1,(anonymous_5)
FNDA:1,(anonymous_6)
FNDA:7,ImportArtifactCtrl
FNDA:6,close
FNDA:6,onComplete
FNDA:6,(anonymous_10)
FNDA:5,(anonymous_11)
FNDA:3,manageImportReport
FNDA:1,(anonymous_13)
FNDA:7,(anonymous_14)
DA:1,3
DA:15,1
DA:16,1
DA:19,7
DA:20,7
DA:21,7
DA:22,7
DA:24,7
DA:25,7
DA:26,7
DA:27,7
DA:31,6
DA:32,6
DA:35,6
DA:36,6
DA:39,6
DA:40,6
DA:45,3
DA:50,1
DA:52,1
DA:56,1
DA:58,7
LF:22
LH:22
BRDA:1,1,0,3
BRDA:1,1,1,3
BRDA:1,2,0,3
BRDA:1,2,1,0
BRDA:1,3,0,1
BRDA:1,3,1,0
BRDA:1,4,0,0
BRDA:1,4,1,1
BRDA:1,5,0,0
BRDA:1,5,1,0
BRDA:40,6,0,5
BRDA:40,6,1,3
BRF:12
BRH:7
end_of_record
TN:
SF:./app/js/home/import/import-error-messages.service.js
FN:1,(anonymous_1)
FN:9,importErrorMessagesService
FN:41,getErrorContext
FN:45,(anonymous_4)
FN:52,getConsequence
FNF:5
FNH:5
FNDA:1,(anonymous_1)
FNDA:29,importErrorMessagesService
FNDA:11,getErrorContext
FNDA:15,(anonymous_4)
FNDA:11,getConsequence
DA:1,1
DA:5,1
DA:9,1
DA:11,29
DA:37,29
DA:41,1
DA:42,11
DA:43,11
DA:44,11
DA:45,15
DA:46,11
DA:52,1
DA:53,11
DA:54,11
DA:55,6
DA:58,5
DA:59,3
DA:62,2
LF:18
LH:18
BRDA:42,1,0,11
BRDA:42,1,1,6
BRDA:53,2,0,11
BRDA:53,2,1,1
BRDA:54,3,0,6
BRDA:54,3,1,5
BRDA:58,4,0,3
BRDA:58,4,1,2
BRF:8
BRH:8
end_of_record
TN:
SF:./app/js/home/import/import-report-item-list.directive.js
FN:15,(anonymous_1)
FN:21,importReportItemList
FN:30,(anonymous_3)
FN:31,(anonymous_4)
FN:32,(anonymous_5)
FNF:5
FNH:5
FNDA:1,(anonymous_1)
FNDA:7,importReportItemList
FNDA:3,(anonymous_3)
FNDA:15,(anonymous_4)
FNDA:17,(anonymous_5)
DA:15,1
DA:18,1
DA:21,1
DA:22,7
DA:31,3
DA:32,15
DA:33,17
LF:7
LH:7
BRDA:32,1,0,15
BRDA:32,1,1,14
BRF:2
BRH:2
end_of_record
TN:
SF:./app/js/home/import/import-report-popup.controller.js
FN:1,(anonymous_1)
FN:1,defineProperties
FN:1,(anonymous_3)
FN:1,_classCallCheck
FN:15,(anonymous_5)
FN:19,(anonymous_6)
FN:21,ImportReportPopupController
FN:24,joinOnNames
FN:28,(anonymous_9)
FN:28,forceImport
FN:33,hasDependencies
FN:37,(anonymous_12)
FN:42,(anonymous_13)
FNF:13
FNH:11
FNDA:1,(anonymous_1)
FNDA:279,defineProperties
FNDA:279,(anonymous_3)
FNDA:404,_classCallCheck
FNDA:1,(anonymous_5)
FNDA:1,(anonymous_6)
FNDA:8,ImportReportPopupController
FNDA:0,joinOnNames
FNDA:0,(anonymous_9)
FNDA:3,forceImport
FNDA:3,hasDependencies
FNDA:2,(anonymous_12)
FNDA:1,(anonymous_13)
DA:1,2306
DA:15,1
DA:17,1
DA:21,8
DA:22,8
DA:23,8
DA:24,8
DA:28,0
DA:32,3
DA:37,3
DA:41,2
DA:45,1
DA:49,1
LF:13
LH:12
BRDA:1,1,0,2306
BRDA:1,1,1,2306
BRDA:1,2,0,2304
BRDA:1,2,1,2
BRDA:1,3,0,279
BRDA:1,3,1,0
BRDA:1,4,0,0
BRDA:1,4,1,279
BRDA:1,5,0,0
BRDA:1,5,1,404
BRDA:37,6,0,3
BRDA:37,6,1,3
BRDA:37,6,2,2
BRDA:41,7,0,2
BRDA:41,7,1,1
BRF:15
BRH:12
end_of_record
TN:
SF:./app/js/home/import/import-success-message.controller.js
FN:15,(anonymous_1)
FN:21,ImportSuccessMessageController
FN:28,joinOnNames
FN:29,(anonymous_4)
FN:34,getState
FNF:5
FNH:5
FNDA:1,(anonymous_1)
FNDA:9,ImportSuccessMessageController
FNDA:1,joinOnNames
FNDA:2,(anonymous_4)
FNDA:2,getState
DA:15,1
DA:17,1
DA:21,1
DA:23,9
DA:25,9
DA:26,9
DA:28,1
DA:29,1
DA:30,2
DA:34,1
DA:35,2
DA:36,1
DA:38,1
LF:13
LH:13
BRDA:35,1,0,1
BRDA:35,1,1,1
BRF:2
BRH:2
end_of_record
TN:
SF:./app/js/home/import/import.service.js
FN:15,(anonymous_1)
FN:23,importArtifactService
FN:33,isErrorResponse
FN:37,manageImportResponse
FN:68,doesImportOverrideExistingContent
FN:72,forceImport
FNF:6
FNH:5
FNDA:1,(anonymous_1)
FNDA:22,importArtifactService
FNDA:5,isErrorResponse
FNDA:6,manageImportResponse
FNDA:3,doesImportOverrideExistingContent
FNDA:0,forceImport
DA:15,1
DA:19,1
DA:23,1
DA:25,22
DA:31,22
DA:33,1
DA:34,5
DA:37,1
DA:38,6
DA:41,6
DA:43,2
DA:48,2
DA:50,4
DA:53,4
DA:55,3
DA:60,3
DA:62,1
DA:65,6
DA:68,1
DA:69,3
DA:72,1
DA:73,0
DA:74,0
LF:23
LH:21
BRDA:34,1,0,5
BRDA:34,1,1,4
BRDA:34,1,2,1
BRDA:41,2,0,2
BRDA:41,2,1,4
BRDA:51,3,0,4
BRDA:51,3,1,1
BRDA:53,4,0,3
BRDA:53,4,1,1
BRDA:53,5,0,4
BRDA:53,5,1,3
BRDA:69,6,0,3
BRDA:69,6,1,2
BRDA:69,6,2,0
BRDA:73,7,0,0
BRDA:73,7,1,0
BRF:16
BRH:13
end_of_record
TN:
SF:./app/js/preview/open-preview.directive.js
FN:16,(anonymous_1)
FN:27,(anonymous_2)
FN:37,clickHandler
FN:46,(anonymous_4)
FNF:4
FNH:3
FNDA:4,(anonymous_1)
FNDA:4,(anonymous_2)
FNDA:4,clickHandler
FNDA:0,(anonymous_4)
DA:15,1
DA:26,4
DA:30,4
DA:31,4
DA:35,4
DA:37,1
DA:38,4
DA:43,4
DA:46,4
DA:47,0
LF:10
LH:9
BRDA:32,1,0,4
BRDA:32,1,1,2
BRDA:33,2,0,4
BRDA:33,2,1,2
BRDA:35,3,0,4
BRDA:35,3,1,4
BRF:6
BRH:6
end_of_record
TN:
SF:./app/js/preview/preview.controller.js
FN:15,(anonymous_1)
FN:27,PreviewCtrl
FN:36,(anonymous_3)
FN:41,(anonymous_4)
FN:51,buildIframeSrc
FN:55,iframeWidth
FN:59,refreshIframe
FNF:7
FNH:6
FNDA:1,(anonymous_1)
FNDA:6,PreviewCtrl
FNDA:1,(anonymous_3)
FNDA:2,(anonymous_4)
FNDA:8,buildIframeSrc
FNDA:0,iframeWidth
FNDA:8,refreshIframe
DA:15,1
DA:19,1
DA:27,1
DA:29,6
DA:30,6
DA:31,6
DA:32,6
DA:34,6
DA:37,1
DA:40,6
DA:41,6
DA:42,2
DA:43,1
DA:51,1
DA:52,8
DA:55,1
DA:56,0
DA:59,1
DA:60,8
LF:19
LH:18
BRDA:42,1,0,1
BRDA:42,1,1,1
BRF:2
BRH:2
end_of_record
TN:
SF:./app/js/preview/web-socket.service.js
FN:17,(anonymous_1)
FN:26,(anonymous_2)
FN:30,(anonymous_3)
FN:31,(anonymous_4)
FN:36,(anonymous_5)
FN:40,(anonymous_6)
FNF:6
FNH:0
FNDA:0,(anonymous_1)
FNDA:0,(anonymous_2)
FNDA:0,(anonymous_3)
FNDA:0,(anonymous_4)
FNDA:0,(anonymous_5)
FNDA:0,(anonymous_6)
DA:17,1
DA:26,0
DA:27,0
DA:28,0
DA:30,0
DA:31,0
DA:32,0
DA:36,0
DA:37,0
DA:40,0
DA:41,0
DA:44,0
DA:47,0
LF:13
LH:1
BRF:0
BRH:0
end_of_record
TN:
SF:./app/js/routes.js
FN:15,(anonymous_1)
FN:21,(anonymous_2)
FN:30,(anonymous_3)
FN:39,(anonymous_4)
FN:62,(anonymous_5)
FN:67,(anonymous_6)
FN:73,(anonymous_7)
FN:75,(anonymous_8)
FN:77,(anonymous_9)
FN:117,(anonymous_10)
FN:125,(anonymous_11)
FN:134,(anonymous_12)
FN:135,(anonymous_13)
FN:140,(anonymous_14)
FN:144,(anonymous_15)
FNF:15
FNH:13
FNDA:1,(anonymous_1)
FNDA:6,(anonymous_2)
FNDA:6,(anonymous_3)
FNDA:24,(anonymous_4)
FNDA:0,(anonymous_5)
FNDA:0,(anonymous_6)
FNDA:2,(anonymous_7)
FNDA:2,(anonymous_8)
FNDA:2,(anonymous_9)
FNDA:1,(anonymous_10)
FNDA:1,(anonymous_11)
FNDA:1,(anonymous_12)
FNDA:1,(anonymous_13)
FNDA:1,(anonymous_14)
FNDA:1,(anonymous_15)
DA:15,1
DA:19,1
DA:22,6
DA:31,6
DA:39,6
DA:40,24
DA:42,6
DA:43,6
DA:44,2
DA:45,2
DA:62,0
DA:67,0
DA:73,2
DA:75,2
DA:77,2
DA:118,1
DA:126,1
DA:135,1
DA:136,1
DA:141,1
DA:145,1
LF:21
LH:19
BRDA:40,1,0,2
BRDA:40,1,1,22
BRDA:43,2,0,2
BRDA:43,2,1,4
BRF:4
BRH:4
end_of_record
