TN:
SF:/home/vishnu/git/bonita-ui-designer/backend/webapp/src/main/runtime/js/runtime.module.js
FN:3,(anonymous_1)
FNF:1
FNH:1
FNDA:1,(anonymous_1)
DA:3,1
DA:6,1
DA:7,1
DA:8,1
DA:9,1
DA:10,1
DA:11,1
DA:14,1
DA:15,1
DA:17,1
LF:10
LH:10
BRF:0
BRH:0
end_of_record
TN:
SF:/home/vishnu/git/bonita-ui-designer/backend/webapp/src/main/runtime/js/directives/pbModel.js
FN:3,(anonymous_1)
FN:6,(anonymous_2)
FN:8,PbModelCtrl
FN:9,(anonymous_4)
FN:12,(anonymous_5)
FN:17,pbModelCompile
FN:19,(anonymous_7)
FNF:7
FNH:1
FNDA:1,(anonymous_1)
FNDA:0,(anonymous_2)
FNDA:0,PbModelCtrl
FNDA:0,(anonymous_4)
FNDA:0,(anonymous_5)
FNDA:0,pbModelCompile
FNDA:0,(anonymous_7)
DA:3,1
DA:6,1
DA:8,1
DA:9,0
DA:10,0
DA:11,0
DA:12,0
DA:13,0
DA:17,1
DA:18,0
DA:20,0
DA:21,0
DA:22,0
DA:23,0
DA:29,0
LF:15
LH:4
BRDA:22,1,0,0
BRDA:22,1,1,0
BRDA:22,2,0,0
BRDA:22,2,1,0
BRF:4
BRH:0
end_of_record
TN:
SF:/home/vishnu/git/bonita-ui-designer/backend/webapp/src/main/runtime/js/directives/pbPropertyValues.js
FN:3,(anonymous_1)
FN:6,(anonymous_2)
FN:8,pbPropertyValuesCompile
FN:10,(anonymous_4)
FN:14,(anonymous_5)
FNF:5
FNH:1
FNDA:1,(anonymous_1)
FNDA:0,(anonymous_2)
FNDA:0,pbPropertyValuesCompile
FNDA:0,(anonymous_4)
FNDA:0,(anonymous_5)
DA:3,1
DA:6,1
DA:8,1
DA:9,0
DA:11,0
DA:12,0
DA:14,0
DA:15,0
DA:21,0
LF:9
LH:3
BRDA:15,1,0,0
BRDA:15,1,1,0
BRDA:15,1,2,0
BRF:3
BRH:0
end_of_record
TN:
SF:/home/vishnu/git/bonita-ui-designer/backend/webapp/src/main/runtime/js/directives/uiTranslate.directive.js
FN:3,(anonymous_1)
FN:6,(anonymous_2)
FN:12,(anonymous_3)
FN:16,(anonymous_4)
FNF:4
FNH:1
FNDA:1,(anonymous_1)
FNDA:0,(anonymous_2)
FNDA:0,(anonymous_3)
FNDA:0,(anonymous_4)
DA:3,1
DA:6,1
DA:8,0
DA:13,0
DA:14,0
DA:15,0
DA:17,0
LF:7
LH:2
BRF:0
BRH:0
end_of_record
TN:
SF:/home/vishnu/git/bonita-ui-designer/backend/webapp/src/main/runtime/js/filters/uiTranslate.filter.js
FN:3,(anonymous_1)
FN:6,(anonymous_2)
FNF:2
FNH:2
FNDA:1,(anonymous_1)
FNDA:21,(anonymous_2)
DA:3,1
DA:6,1
DA:7,21
LF:3
LH:3
BRF:0
BRH:0
end_of_record
TN:
SF:/home/vishnu/git/bonita-ui-designer/backend/webapp/src/main/runtime/js/services/bindingContextFactory.js
FN:3,(anonymous_1)
FN:6,bindingContextFactory
FN:8,expand
FN:10,(anonymous_4)
FN:18,createContext
FN:22,(anonymous_6)
FN:25,(anonymous_7)
FN:31,(anonymous_8)
FN:35,(anonymous_9)
FN:39,(anonymous_10)
FNF:10
FNH:1
FNDA:1,(anonymous_1)
FNDA:0,bindingContextFactory
FNDA:0,expand
FNDA:0,(anonymous_4)
FNDA:0,createContext
FNDA:0,(anonymous_6)
FNDA:0,(anonymous_7)
FNDA:0,(anonymous_8)
FNDA:0,(anonymous_9)
FNDA:0,(anonymous_10)
DA:3,1
DA:6,1
DA:8,1
DA:9,0
DA:11,0
DA:12,0
DA:13,0
DA:18,1
DA:19,0
DA:21,0
DA:23,0
DA:26,0
DA:27,0
DA:32,0
DA:36,0
DA:40,0
DA:43,0
DA:46,0
DA:51,1
LF:19
LH:5
BRDA:26,1,0,0
BRDA:26,1,1,0
BRF:2
BRH:0
end_of_record
TN:
SF:/home/vishnu/git/bonita-ui-designer/backend/webapp/src/main/runtime/js/services/bindings/binding.js
FN:3,_classCallCheck
FN:5,(anonymous_2)
FN:8,(anonymous_3)
FN:9,Binding
FNF:4
FNH:1
FNDA:0,_classCallCheck
FNDA:1,(anonymous_2)
FNDA:0,(anonymous_3)
FNDA:0,Binding
DA:3,1
DA:5,1
DA:8,1
DA:9,0
DA:10,0
DA:12,0
DA:13,0
LF:7
LH:3
BRDA:3,1,0,0
BRDA:3,1,1,0
BRF:2
BRH:0
end_of_record
TN:
SF:/home/vishnu/git/bonita-ui-designer/backend/webapp/src/main/runtime/js/services/bindings/bindingService.js
FN:3,(anonymous_1)
FN:6,capitalize
FN:10,(anonymous_3)
FN:12,(anonymous_4)
FNF:4
FNH:1
FNDA:1,(anonymous_1)
FNDA:0,capitalize
FNDA:0,(anonymous_3)
FNDA:0,(anonymous_4)
DA:3,1
DA:6,1
DA:7,0
DA:10,1
DA:11,0
DA:13,0
DA:14,0
LF:7
LH:3
BRF:0
BRH:0
end_of_record
TN:
SF:/home/vishnu/git/bonita-ui-designer/backend/webapp/src/main/runtime/js/services/bindings/constantBinding.js
FN:3,(anonymous_1)
FN:3,defineProperties
FN:3,(anonymous_3)
FN:5,_classCallCheck
FN:7,_possibleConstructorReturn
FN:9,_inherits
FN:11,(anonymous_7)
FN:14,(anonymous_8)
FN:15,(anonymous_9)
FN:18,ConstantBinding
FN:26,getValue
FNF:11
FNH:2
FNDA:1,(anonymous_1)
FNDA:0,defineProperties
FNDA:0,(anonymous_3)
FNDA:0,_classCallCheck
FNDA:0,_possibleConstructorReturn
FNDA:0,_inherits
FNDA:1,(anonymous_7)
FNDA:0,(anonymous_8)
FNDA:0,(anonymous_9)
FNDA:0,ConstantBinding
FNDA:0,getValue
DA:3,1
DA:5,1
DA:7,1
DA:9,1
DA:11,1
DA:14,1
DA:15,0
DA:16,0
DA:18,1
DA:19,0
DA:21,0
DA:24,0
DA:27,0
DA:31,0
LF:14
LH:7
BRDA:3,1,0,0
BRDA:3,1,1,0
BRDA:3,2,0,0
BRDA:3,2,1,0
BRDA:3,3,0,0
BRDA:3,3,1,0
BRDA:3,4,0,0
BRDA:3,4,1,0
BRDA:5,5,0,0
BRDA:5,5,1,0
BRDA:7,6,0,0
BRDA:7,6,1,0
BRDA:7,7,0,0
BRDA:7,7,1,0
BRDA:7,8,0,0
BRDA:7,8,1,0
BRDA:7,8,2,0
BRDA:9,9,0,0
BRDA:9,9,1,0
BRDA:9,10,0,0
BRDA:9,10,1,0
BRDA:9,11,0,0
BRDA:9,11,1,0
BRDA:9,12,0,0
BRDA:9,12,1,0
BRDA:9,13,0,0
BRDA:9,13,1,0
BRF:27
BRH:0
end_of_record
TN:
SF:/home/vishnu/git/bonita-ui-designer/backend/webapp/src/main/runtime/js/services/bindings/expressionBinding.js
FN:3,(anonymous_1)
FN:3,defineProperties
FN:3,(anonymous_3)
FN:5,_classCallCheck
FN:7,_possibleConstructorReturn
FN:9,_inherits
FN:11,(anonymous_7)
FN:14,(anonymous_8)
FN:15,(anonymous_9)
FN:18,ExpressionBinding
FN:29,getValue
FNF:11
FNH:2
FNDA:1,(anonymous_1)
FNDA:0,defineProperties
FNDA:0,(anonymous_3)
FNDA:0,_classCallCheck
FNDA:0,_possibleConstructorReturn
FNDA:0,_inherits
FNDA:1,(anonymous_7)
FNDA:0,(anonymous_8)
FNDA:0,(anonymous_9)
FNDA:0,ExpressionBinding
FNDA:0,getValue
DA:3,1
DA:5,1
DA:7,1
DA:9,1
DA:11,1
DA:14,1
DA:15,0
DA:16,0
DA:18,1
DA:19,0
DA:21,0
DA:23,0
DA:24,0
DA:27,0
DA:30,0
DA:34,0
LF:16
LH:7
BRDA:3,1,0,0
BRDA:3,1,1,0
BRDA:3,2,0,0
BRDA:3,2,1,0
BRDA:3,3,0,0
BRDA:3,3,1,0
BRDA:3,4,0,0
BRDA:3,4,1,0
BRDA:5,5,0,0
BRDA:5,5,1,0
BRDA:7,6,0,0
BRDA:7,6,1,0
BRDA:7,7,0,0
BRDA:7,7,1,0
BRDA:7,8,0,0
BRDA:7,8,1,0
BRDA:7,8,2,0
BRDA:9,9,0,0
BRDA:9,9,1,0
BRDA:9,10,0,0
BRDA:9,10,1,0
BRDA:9,11,0,0
BRDA:9,11,1,0
BRDA:9,12,0,0
BRDA:9,12,1,0
BRDA:9,13,0,0
BRDA:9,13,1,0
BRF:27
BRH:0
end_of_record
TN:
SF:/home/vishnu/git/bonita-ui-designer/backend/webapp/src/main/runtime/js/services/bindings/interpolationBinding.js
FN:3,(anonymous_1)
FN:3,defineProperties
FN:3,(anonymous_3)
FN:5,_classCallCheck
FN:7,_possibleConstructorReturn
FN:9,_inherits
FN:11,(anonymous_7)
FN:14,(anonymous_8)
FN:15,(anonymous_9)
FN:18,InterpolationBinding
FN:26,getValue
FNF:11
FNH:2
FNDA:1,(anonymous_1)
FNDA:0,defineProperties
FNDA:0,(anonymous_3)
FNDA:0,_classCallCheck
FNDA:0,_possibleConstructorReturn
FNDA:0,_inherits
FNDA:1,(anonymous_7)
FNDA:0,(anonymous_8)
FNDA:0,(anonymous_9)
FNDA:0,InterpolationBinding
FNDA:0,getValue
DA:3,1
DA:5,1
DA:7,1
DA:9,1
DA:11,1
DA:14,1
DA:15,0
DA:16,0
DA:18,1
DA:19,0
DA:21,0
DA:24,0
DA:27,0
DA:31,0
LF:14
LH:7
BRDA:3,1,0,0
BRDA:3,1,1,0
BRDA:3,2,0,0
BRDA:3,2,1,0
BRDA:3,3,0,0
BRDA:3,3,1,0
BRDA:3,4,0,0
BRDA:3,4,1,0
BRDA:5,5,0,0
BRDA:5,5,1,0
BRDA:7,6,0,0
BRDA:7,6,1,0
BRDA:7,7,0,0
BRDA:7,7,1,0
BRDA:7,8,0,0
BRDA:7,8,1,0
BRDA:7,8,2,0
BRDA:9,9,0,0
BRDA:9,9,1,0
BRDA:9,10,0,0
BRDA:9,10,1,0
BRDA:9,11,0,0
BRDA:9,11,1,0
BRDA:9,12,0,0
BRDA:9,12,1,0
BRDA:9,13,0,0
BRDA:9,13,1,0
BRDA:27,14,0,0
BRDA:27,14,1,0
BRF:29
BRH:0
end_of_record
TN:
SF:/home/vishnu/git/bonita-ui-designer/backend/webapp/src/main/runtime/js/services/bindings/variableBinding.js
FN:3,(anonymous_1)
FN:3,defineProperties
FN:3,(anonymous_3)
FN:5,_classCallCheck
FN:7,_possibleConstructorReturn
FN:9,_inherits
FN:11,(anonymous_7)
FN:14,(anonymous_8)
FN:15,(anonymous_9)
FN:18,VariableBinding
FN:29,getValue
FN:34,setValue
FNF:12
FNH:2
FNDA:1,(anonymous_1)
FNDA:0,defineProperties
FNDA:0,(anonymous_3)
FNDA:0,_classCallCheck
FNDA:0,_possibleConstructorReturn
FNDA:0,_inherits
FNDA:1,(anonymous_7)
FNDA:0,(anonymous_8)
FNDA:0,(anonymous_9)
FNDA:0,VariableBinding
FNDA:0,getValue
FNDA:0,setValue
DA:3,1
DA:5,1
DA:7,1
DA:9,1
DA:11,1
DA:14,1
DA:15,0
DA:16,0
DA:18,1
DA:19,0
DA:21,0
DA:23,0
DA:24,0
DA:27,0
DA:30,0
DA:35,0
DA:39,0
LF:17
LH:7
BRDA:3,1,0,0
BRDA:3,1,1,0
BRDA:3,2,0,0
BRDA:3,2,1,0
BRDA:3,3,0,0
BRDA:3,3,1,0
BRDA:3,4,0,0
BRDA:3,4,1,0
BRDA:5,5,0,0
BRDA:5,5,1,0
BRDA:7,6,0,0
BRDA:7,6,1,0
BRDA:7,7,0,0
BRDA:7,7,1,0
BRDA:7,8,0,0
BRDA:7,8,1,0
BRDA:7,8,2,0
BRDA:9,9,0,0
BRDA:9,9,1,0
BRDA:9,10,0,0
BRDA:9,10,1,0
BRDA:9,11,0,0
BRDA:9,11,1,0
BRDA:9,12,0,0
BRDA:9,12,1,0
BRDA:9,13,0,0
BRDA:9,13,1,0
BRDA:35,14,0,0
BRDA:35,14,1,0
BRF:29
BRH:0
end_of_record
TN:
SF:/home/vishnu/git/bonita-ui-designer/backend/webapp/src/main/runtime/js/services/bindingsFactory.js
FN:3,(anonymous_1)
FN:6,(anonymous_2)
FN:18,(anonymous_3)
FN:20,(anonymous_4)
FN:23,(anonymous_5)
FN:26,(anonymous_6)
FNF:6
FNH:1
FNDA:1,(anonymous_1)
FNDA:0,(anonymous_2)
FNDA:0,(anonymous_3)
FNDA:0,(anonymous_4)
FNDA:0,(anonymous_5)
FNDA:0,(anonymous_6)
DA:3,1
DA:6,1
DA:7,0
DA:20,0
DA:21,0
DA:22,0
DA:24,0
DA:27,0
LF:8
LH:2
BRDA:27,1,0,0
BRDA:27,1,1,0
BRF:2
BRH:0
end_of_record
TN:
SF:/home/vishnu/git/bonita-ui-designer/backend/webapp/src/main/runtime/js/services/modelFactory.js
FN:3,(anonymous_1)
FN:6,modelFactory
FN:9,(anonymous_3)
FN:15,(anonymous_4)
FN:20,(anonymous_5)
FN:22,(anonymous_6)
FN:24,(anonymous_7)
FN:25,(anonymous_8)
FN:30,(anonymous_9)
FN:32,(anonymous_10)
FN:34,(anonymous_11)
FN:37,(anonymous_12)
FNF:12
FNH:1
FNDA:1,(anonymous_1)
FNDA:0,modelFactory
FNDA:0,(anonymous_3)
FNDA:0,(anonymous_4)
FNDA:0,(anonymous_5)
FNDA:0,(anonymous_6)
FNDA:0,(anonymous_7)
FNDA:0,(anonymous_8)
FNDA:0,(anonymous_9)
FNDA:0,(anonymous_10)
FNDA:0,(anonymous_11)
FNDA:0,(anonymous_12)
DA:3,1
DA:6,1
DA:8,0
DA:12,0
DA:15,0
DA:16,0
DA:20,0
DA:21,0
DA:23,0
DA:25,0
DA:26,0
DA:30,0
DA:31,0
DA:32,0
DA:33,0
DA:35,0
DA:38,0
DA:43,0
DA:45,0
DA:50,1
LF:20
LH:3
BRF:0
BRH:0
end_of_record
TN:
SF:/home/vishnu/git/bonita-ui-designer/backend/webapp/src/main/runtime/js/services/resolvers/constantResolver.js
FN:3,(anonymous_1)
FN:3,defineProperties
FN:3,(anonymous_3)
FN:5,_classCallCheck
FN:7,_possibleConstructorReturn
FN:9,_inherits
FN:11,(anonymous_7)
FN:16,createConstantResolver
FN:17,(anonymous_9)
FN:20,ConstantResolver
FN:28,resolve
FN:36,(anonymous_12)
FN:39,(anonymous_13)
FNF:13
FNH:4
FNDA:1,(anonymous_1)
FNDA:0,defineProperties
FNDA:0,(anonymous_3)
FNDA:0,_classCallCheck
FNDA:0,_possibleConstructorReturn
FNDA:0,_inherits
FNDA:1,(anonymous_7)
FNDA:21,createConstantResolver
FNDA:21,(anonymous_9)
FNDA:0,ConstantResolver
FNDA:0,resolve
FNDA:0,(anonymous_12)
FNDA:0,(anonymous_13)
DA:3,1
DA:5,1
DA:7,1
DA:9,1
DA:11,1
DA:14,1
DA:16,1
DA:17,21
DA:18,21
DA:20,1
DA:21,0
DA:23,0
DA:26,21
DA:29,0
DA:33,21
DA:36,21
DA:37,0
DA:39,21
DA:40,0
LF:19
LH:14
BRDA:3,1,0,0
BRDA:3,1,1,0
BRDA:3,2,0,0
BRDA:3,2,1,0
BRDA:3,3,0,0
BRDA:3,3,1,0
BRDA:3,4,0,0
BRDA:3,4,1,0
BRDA:5,5,0,0
BRDA:5,5,1,0
BRDA:7,6,0,0
BRDA:7,6,1,0
BRDA:7,7,0,0
BRDA:7,7,1,0
BRDA:7,8,0,0
BRDA:7,8,1,0
BRDA:7,8,2,0
BRDA:9,9,0,0
BRDA:9,9,1,0
BRDA:9,10,0,0
BRDA:9,10,1,0
BRDA:9,11,0,0
BRDA:9,11,1,0
BRDA:9,12,0,0
BRDA:9,12,1,0
BRDA:9,13,0,0
BRDA:9,13,1,0
BRDA:29,14,0,0
BRDA:29,14,1,0
BRF:29
BRH:0
end_of_record
TN:
SF:/home/vishnu/git/bonita-ui-designer/backend/webapp/src/main/runtime/js/services/resolvers/expressionResolver.js
FN:3,(anonymous_1)
FN:3,defineProperties
FN:3,(anonymous_3)
FN:5,_classCallCheck
FN:7,_possibleConstructorReturn
FN:9,_inherits
FN:11,(anonymous_7)
FN:16,createExpressionResolver
FN:17,(anonymous_9)
FN:20,ExpressionResolver
FN:31,resolve
FN:43,watchDependencies
FN:46,(anonymous_13)
FN:47,(anonymous_14)
FN:49,(anonymous_15)
FN:56,hasDependencies
FN:61,extractDependencies
FN:63,(anonymous_18)
FN:67,(anonymous_19)
FN:76,(anonymous_20)
FNF:20
FNH:4
FNDA:1,(anonymous_1)
FNDA:0,defineProperties
FNDA:0,(anonymous_3)
FNDA:0,_classCallCheck
FNDA:0,_possibleConstructorReturn
FNDA:0,_inherits
FNDA:1,(anonymous_7)
FNDA:21,createExpressionResolver
FNDA:21,(anonymous_9)
FNDA:0,ExpressionResolver
FNDA:0,resolve
FNDA:0,watchDependencies
FNDA:0,(anonymous_13)
FNDA:0,(anonymous_14)
FNDA:0,(anonymous_15)
FNDA:0,hasDependencies
FNDA:0,extractDependencies
FNDA:0,(anonymous_18)
FNDA:0,(anonymous_19)
FNDA:0,(anonymous_20)
DA:3,1
DA:5,1
DA:7,1
DA:9,1
DA:11,1
DA:14,1
DA:16,1
DA:17,21
DA:18,21
DA:20,1
DA:21,0
DA:23,0
DA:25,0
DA:26,0
DA:29,21
DA:34,0
DA:35,0
DA:36,0
DA:38,0
DA:44,0
DA:46,0
DA:47,0
DA:48,0
DA:50,0
DA:57,0
DA:63,0
DA:64,0
DA:68,0
DA:73,21
DA:76,21
DA:77,0
LF:31
LH:13
BRDA:3,1,0,0
BRDA:3,1,1,0
BRDA:3,2,0,0
BRDA:3,2,1,0
BRDA:3,3,0,0
BRDA:3,3,1,0
BRDA:3,4,0,0
BRDA:3,4,1,0
BRDA:5,5,0,0
BRDA:5,5,1,0
BRDA:7,6,0,0
BRDA:7,6,1,0
BRDA:7,7,0,0
BRDA:7,7,1,0
BRDA:7,8,0,0
BRDA:7,8,1,0
BRDA:7,8,2,0
BRDA:9,9,0,0
BRDA:9,9,1,0
BRDA:9,10,0,0
BRDA:9,10,1,0
BRDA:9,11,0,0
BRDA:9,11,1,0
BRDA:9,12,0,0
BRDA:9,12,1,0
BRDA:9,13,0,0
BRDA:9,13,1,0
BRDA:63,14,0,0
BRDA:63,14,1,0
BRF:29
BRH:0
end_of_record
TN:
SF:/home/vishnu/git/bonita-ui-designer/backend/webapp/src/main/runtime/js/services/resolvers/jsonResolver.js
FN:3,(anonymous_1)
FN:3,defineProperties
FN:3,(anonymous_3)
FN:5,_classCallCheck
FN:7,_possibleConstructorReturn
FN:9,_inherits
FN:11,(anonymous_7)
FN:16,createJsonResolver
FN:17,(anonymous_9)
FN:20,JsonResolver
FN:28,resolve
FN:36,(anonymous_12)
FNF:12
FNH:4
FNDA:1,(anonymous_1)
FNDA:0,defineProperties
FNDA:0,(anonymous_3)
FNDA:0,_classCallCheck
FNDA:0,_possibleConstructorReturn
FNDA:0,_inherits
FNDA:1,(anonymous_7)
FNDA:21,createJsonResolver
FNDA:21,(anonymous_9)
FNDA:0,JsonResolver
FNDA:0,resolve
FNDA:0,(anonymous_12)
DA:3,1
DA:5,1
DA:7,1
DA:9,1
DA:11,1
DA:14,1
DA:16,1
DA:17,21
DA:18,21
DA:20,1
DA:21,0
DA:23,0
DA:26,21
DA:29,0
DA:33,21
DA:36,21
DA:37,0
LF:17
LH:13
BRDA:3,1,0,0
BRDA:3,1,1,0
BRDA:3,2,0,0
BRDA:3,2,1,0
BRDA:3,3,0,0
BRDA:3,3,1,0
BRDA:3,4,0,0
BRDA:3,4,1,0
BRDA:5,5,0,0
BRDA:5,5,1,0
BRDA:7,6,0,0
BRDA:7,6,1,0
BRDA:7,7,0,0
BRDA:7,7,1,0
BRDA:7,8,0,0
BRDA:7,8,1,0
BRDA:7,8,2,0
BRDA:9,9,0,0
BRDA:9,9,1,0
BRDA:9,10,0,0
BRDA:9,10,1,0
BRDA:9,11,0,0
BRDA:9,11,1,0
BRDA:9,12,0,0
BRDA:9,12,1,0
BRDA:9,13,0,0
BRDA:9,13,1,0
BRF:27
BRH:0
end_of_record
TN:
SF:/home/vishnu/git/bonita-ui-designer/backend/webapp/src/main/runtime/js/services/resolvers/resolver.js
FN:3,(anonymous_1)
FN:3,defineProperties
FN:3,(anonymous_3)
FN:5,_classCallCheck
FN:7,(anonymous_5)
FN:12,createResolver
FN:13,(anonymous_7)
FN:14,Resolver
FN:24,resolve
FN:27,watchDependencies
FN:30,hasDependencies
FNF:11
FNH:4
FNDA:1,(anonymous_1)
FNDA:0,defineProperties
FNDA:0,(anonymous_3)
FNDA:0,_classCallCheck
FNDA:1,(anonymous_5)
FNDA:21,createResolver
FNDA:21,(anonymous_7)
FNDA:0,Resolver
FNDA:0,resolve
FNDA:0,watchDependencies
FNDA:0,hasDependencies
DA:3,1
DA:5,1
DA:7,1
DA:10,1
DA:12,1
DA:13,21
DA:14,1
DA:15,0
DA:17,0
DA:18,0
DA:19,0
DA:22,21
DA:31,0
DA:35,21
DA:38,21
LF:15
LH:10
BRDA:3,1,0,0
BRDA:3,1,1,0
BRDA:3,2,0,0
BRDA:3,2,1,0
BRDA:3,3,0,0
BRDA:3,3,1,0
BRDA:3,4,0,0
BRDA:3,4,1,0
BRDA:5,5,0,0
BRDA:5,5,1,0
BRF:10
BRH:0
end_of_record
TN:
SF:/home/vishnu/git/bonita-ui-designer/backend/webapp/src/main/runtime/js/services/resolvers/resolverService.js
FN:3,(anonymous_1)
FN:3,defineProperties
FN:3,(anonymous_3)
FN:5,_classCallCheck
FN:7,(anonymous_5)
FN:10,(anonymous_6)
FN:11,ResolverService
FN:19,addResolverType
FN:24,createResolver
FN:32,(anonymous_10)
FNF:10
FNH:8
FNDA:1,(anonymous_1)
FNDA:1,defineProperties
FNDA:1,(anonymous_3)
FNDA:0,_classCallCheck
FNDA:1,(anonymous_5)
FNDA:1,(anonymous_6)
FNDA:21,ResolverService
FNDA:126,addResolverType
FNDA:0,createResolver
FNDA:21,(anonymous_10)
DA:3,2
DA:5,1
DA:7,1
DA:10,1
DA:11,1
DA:12,21
DA:14,21
DA:17,1
DA:20,126
DA:25,0
DA:29,1
DA:32,1
DA:33,21
LF:13
LH:12
BRDA:3,1,0,2
BRDA:3,1,1,2
BRDA:3,2,0,2
BRDA:3,2,1,0
BRDA:3,3,0,1
BRDA:3,3,1,0
BRDA:3,4,0,0
BRDA:3,4,1,1
BRDA:5,5,0,0
BRDA:5,5,1,0
BRF:10
BRH:5
end_of_record
TN:
SF:/home/vishnu/git/bonita-ui-designer/backend/webapp/src/main/runtime/js/services/resolvers/urlParameterResolver.js
FN:3,(anonymous_1)
FN:3,defineProperties
FN:3,(anonymous_3)
FN:5,_classCallCheck
FN:7,_possibleConstructorReturn
FN:9,_inherits
FN:11,(anonymous_7)
FN:16,createUrlParameterResolver
FN:17,(anonymous_9)
FN:20,UrlParameterResolver
FN:28,resolve
FN:29,extractUrlParameter
FN:39,(anonymous_13)
FNF:13
FNH:4
FNDA:1,(anonymous_1)
FNDA:0,defineProperties
FNDA:0,(anonymous_3)
FNDA:0,_classCallCheck
FNDA:0,_possibleConstructorReturn
FNDA:0,_inherits
FNDA:1,(anonymous_7)
FNDA:21,createUrlParameterResolver
FNDA:21,(anonymous_9)
FNDA:0,UrlParameterResolver
FNDA:0,resolve
FNDA:0,extractUrlParameter
FNDA:0,(anonymous_13)
DA:3,1
DA:5,1
DA:7,1
DA:9,1
DA:11,1
DA:14,1
DA:16,1
DA:17,21
DA:18,21
DA:20,1
DA:21,0
DA:23,0
DA:26,21
DA:29,1
DA:30,0
DA:32,0
DA:36,21
DA:39,21
DA:40,0
LF:19
LH:14
BRDA:3,1,0,0
BRDA:3,1,1,0
BRDA:3,2,0,0
BRDA:3,2,1,0
BRDA:3,3,0,0
BRDA:3,3,1,0
BRDA:3,4,0,0
BRDA:3,4,1,0
BRDA:5,5,0,0
BRDA:5,5,1,0
BRDA:7,6,0,0
BRDA:7,6,1,0
BRDA:7,7,0,0
BRDA:7,7,1,0
BRDA:7,8,0,0
BRDA:7,8,1,0
BRDA:7,8,2,0
BRDA:9,9,0,0
BRDA:9,9,1,0
BRDA:9,10,0,0
BRDA:9,10,1,0
BRDA:9,11,0,0
BRDA:9,11,1,0
BRDA:9,12,0,0
BRDA:9,12,1,0
BRDA:9,13,0,0
BRDA:9,13,1,0
BRDA:32,14,0,0
BRDA:32,14,1,0
BRF:29
BRH:0
end_of_record
TN:
SF:/home/vishnu/git/bonita-ui-designer/backend/webapp/src/main/runtime/js/services/resolvers/urlResolver.js
FN:3,(anonymous_1)
FN:3,defineProperties
FN:3,(anonymous_3)
FN:5,_classCallCheck
FN:7,_possibleConstructorReturn
FN:9,_inherits
FN:11,(anonymous_7)
FN:16,createUrlResolver
FN:18,(anonymous_9)
FN:22,(anonymous_10)
FN:28,(anonymous_11)
FN:31,UrlResolver
FN:39,interpolateUrl
FN:44,resolve
FN:49,(anonymous_15)
FN:50,(anonymous_16)
FN:58,watchDependencies
FN:62,(anonymous_18)
FN:64,(anonymous_19)
FN:71,hasDependencies
FN:80,(anonymous_21)
FNF:21
FNH:8
FNDA:1,(anonymous_1)
FNDA:147,defineProperties
FNDA:126,(anonymous_3)
FNDA:21,_classCallCheck
FNDA:0,_possibleConstructorReturn
FNDA:105,_inherits
FNDA:1,(anonymous_7)
FNDA:21,createUrlResolver
FNDA:0,(anonymous_9)
FNDA:0,(anonymous_10)
FNDA:21,(anonymous_11)
FNDA:0,UrlResolver
FNDA:0,interpolateUrl
FNDA:0,resolve
FNDA:0,(anonymous_15)
FNDA:0,(anonymous_16)
FNDA:0,watchDependencies
FNDA:0,(anonymous_18)
FNDA:0,(anonymous_19)
FNDA:0,hasDependencies
FNDA:0,(anonymous_21)
DA:3,294
DA:5,21
DA:7,1
DA:9,105
DA:11,1
DA:14,1
DA:16,1
DA:17,21
DA:19,0
DA:23,0
DA:28,21
DA:29,21
DA:31,1
DA:32,0
DA:34,0
DA:37,21
DA:40,0
DA:45,0
DA:47,0
DA:48,0
DA:49,0
DA:50,0
DA:51,0
DA:59,0
DA:61,0
DA:62,0
DA:63,0
DA:65,0
DA:73,0
DA:77,21
DA:80,21
DA:81,0
LF:32
LH:14
BRDA:3,1,0,294
BRDA:3,1,1,294
BRDA:3,2,0,294
BRDA:3,2,1,0
BRDA:3,3,0,126
BRDA:3,3,1,0
BRDA:3,4,0,21
BRDA:3,4,1,105
BRDA:5,5,0,0
BRDA:5,5,1,21
BRDA:7,6,0,0
BRDA:7,6,1,0
BRDA:7,7,0,0
BRDA:7,7,1,0
BRDA:7,8,0,0
BRDA:7,8,1,0
BRDA:7,8,2,0
BRDA:9,9,0,0
BRDA:9,9,1,105
BRDA:9,10,0,105
BRDA:9,10,1,0
BRDA:9,11,0,105
BRDA:9,11,1,105
BRDA:9,12,0,105
BRDA:9,12,1,0
BRDA:9,13,0,105
BRDA:9,13,1,0
BRDA:19,14,0,0
BRDA:19,14,1,0
BRDA:48,15,0,0
BRDA:48,15,1,0
BRDA:61,16,0,0
BRDA:61,16,1,0
BRDA:73,17,0,0
BRDA:73,17,1,0
BRF:35
BRH:13
end_of_record
TN:
SF:/home/vishnu/git/bonita-ui-designer/backend/webapp/src/main/runtime/js/services/widgetNameFactory.js
FN:3,(anonymous_1)
FN:6,widgetNameFactory
FN:13,getName
FNF:3
FNH:3
FNDA:1,(anonymous_1)
FNDA:21,widgetNameFactory
FNDA:21,getName
DA:3,1
DA:6,1
DA:7,21
DA:9,21
DA:13,1
DA:14,21
DA:15,21
DA:18,21
DA:20,21
DA:23,1
LF:10
LH:10
BRDA:14,1,0,21
BRDA:14,1,1,0
BRF:2
BRH:1
end_of_record
