<?xml version="1.0" encoding="UTF-8"?>
<testsuite name="org.bonitasoft.web.designer.repository.JsonFileBasedLoaderTest" time="0.078" tests="19" errors="0" skipped="0" failures="0">
  <properties>
[...]
</properties>
  <testcase name="should_load_a_single_page_in_the_import_folder" classname="org.bonitasoft.web.designer.repository.JsonFileBasedLoaderTest" time="0.005"/>
  <testcase name="should_not_find_null_in_byte_array" classname="org.bonitasoft.web.designer.repository.JsonFileBasedLoaderTest" time="0.001"/>
  <testcase name="should_find_a_byte_array_in_an_another" classname="org.bonitasoft.web.designer.repository.JsonFileBasedLoaderTest" time="0.001"/>
  <testcase name="should_find_one_object_included_in_another_and_deserialize_it" classname="org.bonitasoft.web.designer.repository.JsonFileBasedLoaderTest" time="0.015"/>
  <testcase name="should_not_find_object_included_in_another" classname="org.bonitasoft.web.designer.repository.JsonFileBasedLoaderTest" time="0.013"/>
  <testcase name="should_throw_notfound_exception_when_there_are_no_pages_in_folder" classname="org.bonitasoft.web.designer.repository.JsonFileBasedLoaderTest" time="0.001"/>
  <testcase name="should_get_all_objects_from_json_files_and_deserialize_them" classname="org.bonitasoft.web.designer.repository.JsonFileBasedLoaderTest" time="0.005"/>
  <testcase name="should_find_a_byte_array_in_an_another_on_start_position" classname="org.bonitasoft.web.designer.repository.JsonFileBasedLoaderTest" time="0"/>
  <testcase name="should_find_any_object_included_in_another" classname="org.bonitasoft.web.designer.repository.JsonFileBasedLoaderTest" time="0.004"/>
  <testcase name="should_throw_IOException_when_error_occurs_on_finding_object_by_id" classname="org.bonitasoft.web.designer.repository.JsonFileBasedLoaderTest" time="0.011"/>
  <testcase name="should_not_find_occurence_in_byte_array_null" classname="org.bonitasoft.web.designer.repository.JsonFileBasedLoaderTest" time="0.001"/>
  <testcase name="should_find_object_included_in_another" classname="org.bonitasoft.web.designer.repository.JsonFileBasedLoaderTest" time="0.004"/>
  <testcase name="should_throw_IOException_when_error_occurs_while_getting_all_object" classname="org.bonitasoft.web.designer.repository.JsonFileBasedLoaderTest" time="0.004"/>
  <testcase name="should_throw_NosuchFileException_when_while_getting_an_unexisting_object" classname="org.bonitasoft.web.designer.repository.JsonFileBasedLoaderTest" time="0.001"/>
  <testcase name="should_not_find_an_object_even_if_id_start_the_same_as_the_one_looking_for" classname="org.bonitasoft.web.designer.repository.JsonFileBasedLoaderTest" time="0.003"/>
  <testcase name="should_not_find_a_byte_array_in_an_another" classname="org.bonitasoft.web.designer.repository.JsonFileBasedLoaderTest" time="0.001"/>
  <testcase name="should_throw_json_read_exception_when_loaded_file_is_not_valid_json" classname="org.bonitasoft.web.designer.repository.JsonFileBasedLoaderTest" time="0.001"/>
  <testcase name="should_get_an_object_from_a_json_file_and_deserialize_it" classname="org.bonitasoft.web.designer.repository.JsonFileBasedLoaderTest" time="0.004"/>
  <testcase name="should_throw_IOException_when_error_occurs_while_getting_a_object" classname="org.bonitasoft.web.designer.repository.JsonFileBasedLoaderTest" time="0.003"/>
</testsuite>