<?xml version="1.0" encoding="UTF-8"?>
<testsuite name="org.bonitasoft.web.designer.controller.ImportControllerTest" time="0.417" tests="18" errors="0" skipped="0" failures="0">
  <properties>
[...]
</properties>
  <testcase name="should_import_a_file_with_octetstream_content_type" classname="org.bonitasoft.web.designer.controller.ImportControllerTest" time="0.057"/>
  <testcase name="should_respond_400_when_file_content_type_is_not_supported" classname="org.bonitasoft.web.designer.controller.ImportControllerTest" time="0.019"/>
  <testcase name="should_import_a_widget" classname="org.bonitasoft.web.designer.controller.ImportControllerTest" time="0.021"/>
  <testcase name="should_respond_400_when_file_content_is_empty" classname="org.bonitasoft.web.designer.controller.ImportControllerTest" time="0.015"/>
  <testcase name="should_respond_an_error_with_ok_code_when_model_file_is_not_found_while_importing_an_artifact" classname="org.bonitasoft.web.designer.controller.ImportControllerTest" time="0.017"/>
  <testcase name="should_force_a_widget_import" classname="org.bonitasoft.web.designer.controller.ImportControllerTest" time="0.022"/>
  <testcase name="should_respond_404_for_an_unknown_artifact_type" classname="org.bonitasoft.web.designer.controller.ImportControllerTest" time="0.019"/>
  <testcase name="should_import_an_artifact" classname="org.bonitasoft.web.designer.controller.ImportControllerTest" time="0.025"/>
  <testcase name="should_force_a_page_import" classname="org.bonitasoft.web.designer.controller.ImportControllerTest" time="0.039"/>
  <testcase name="should_import_a_file_with_zip_content_type" classname="org.bonitasoft.web.designer.controller.ImportControllerTest" time="0.021"/>
  <testcase name="should_respond_an_error_with_ok_code_when_import_exception_occurs_while_importing_a_page" classname="org.bonitasoft.web.designer.controller.ImportControllerTest" time="0.019"/>
  <testcase name="should_cancel_an_import" classname="org.bonitasoft.web.designer.controller.ImportControllerTest" time="0.017"/>
  <testcase name="should_force_an_uncompleted_import" classname="org.bonitasoft.web.designer.controller.ImportControllerTest" time="0.02"/>
  <testcase name="should_respond_400_when_file_content_type_is_octetstream_but_filename_is_not_a_zip" classname="org.bonitasoft.web.designer.controller.ImportControllerTest" time="0.018"/>
  <testcase name="should_respond_an_error_with_ok_code_when_import_exception_occurs_while_importing_a_widget" classname="org.bonitasoft.web.designer.controller.ImportControllerTest" time="0.017"/>
  <testcase name="should_respond_an_error_with_ok_code_when_import_exception_occurs_while_zip_file_could_not_be_opened" classname="org.bonitasoft.web.designer.controller.ImportControllerTest" time="0.024"/>
  <testcase name="should_respond_an_error_with_ok_code_when_import_exception_occurs_while_unzipping" classname="org.bonitasoft.web.designer.controller.ImportControllerTest" time="0.024"/>
  <testcase name="should_import_a_page_with_its_dependencies" classname="org.bonitasoft.web.designer.controller.ImportControllerTest" time="0.023"/>
</testsuite>