<?xml version="1.0" encoding="UTF-8"?>
<testsuite name="org.bonitasoft.web.designer.repository.PageRepositoryTest" time="0.267" tests="16" errors="0" skipped="0" failures="0">
  <properties>
[...]
</properties>
  <testcase name="should_throw_NotFoundException_when_getting_an_inexisting_page" classname="org.bonitasoft.web.designer.repository.PageRepositoryTest" time="0.009"/>
  <testcase name="should_get_all_page_from_repository" classname="org.bonitasoft.web.designer.repository.PageRepositoryTest" time="0.039"/>
  <testcase name="should_save_a_page_in_a_json_file_repository" classname="org.bonitasoft.web.designer.repository.PageRepositoryTest" time="0.019"/>
  <testcase name="should_throw_RepositoryException_when_error_occurs_on_object_included_search_list" classname="org.bonitasoft.web.designer.repository.PageRepositoryTest" time="0.004"/>
  <testcase name="should_get_a_page_from_a_json_file_repository" classname="org.bonitasoft.web.designer.repository.PageRepositoryTest" time="0.02"/>
  <testcase name="should_throw_ConstraintValidationException_while_saving_a_page_with_bad_name" classname="org.bonitasoft.web.designer.repository.PageRepositoryTest" time="0.006"/>
  <testcase name="should_throw_IllegalArgumentException_while_saving_a_page_with_no_id_set" classname="org.bonitasoft.web.designer.repository.PageRepositoryTest" time="0.004"/>
  <testcase name="should_throw_RepositoryException_when_error_occurs_on_object_included_search" classname="org.bonitasoft.web.designer.repository.PageRepositoryTest" time="0.005"/>
  <testcase name="should_throw_RepositoryException_when_error_occurs_while_saving_a_page" classname="org.bonitasoft.web.designer.repository.PageRepositoryTest" time="0.036"/>
  <testcase name="should_unmark_a_page_as_favorite" classname="org.bonitasoft.web.designer.repository.PageRepositoryTest" time="0.036"/>
  <testcase name="should_throw_NotFoundException_when_deleting_inexisting_page" classname="org.bonitasoft.web.designer.repository.PageRepositoryTest" time="0.005"/>
  <testcase name="should_save_all_page_in_a_json_file_repository" classname="org.bonitasoft.web.designer.repository.PageRepositoryTest" time="0.018"/>
  <testcase name="should_get_all_page_from_repository_empty" classname="org.bonitasoft.web.designer.repository.PageRepositoryTest" time="0.005"/>
  <testcase name="should_mark_a_page_as_favorite" classname="org.bonitasoft.web.designer.repository.PageRepositoryTest" time="0.025"/>
  <testcase name="should_delete_a_page_with_his_json_file_repository" classname="org.bonitasoft.web.designer.repository.PageRepositoryTest" time="0.021"/>
  <testcase name="should_save_a_page_without_updating_last_update_date" classname="org.bonitasoft.web.designer.repository.PageRepositoryTest" time="0.015"/>
</testsuite>