<?xml version="1.0" encoding="UTF-8"?>
<testsuite name="org.bonitasoft.web.designer.controller.asset.AssetServiceTest" time="0.089" tests="35" errors="0" skipped="0" failures="0">
  <properties>
[...]
</properties>
  <testcase name="should_save_new_asset_and_populate_its_id" classname="org.bonitasoft.web.designer.controller.asset.AssetServiceTest" time="0"/>
  <testcase name="should_return_error_when_error_onsave" classname="org.bonitasoft.web.designer.controller.asset.AssetServiceTest" time="0"/>
  <testcase name="should_return_error_when_adding_asset_with_name_null" classname="org.bonitasoft.web.designer.controller.asset.AssetServiceTest" time="0"/>
  <testcase name="should_decrement_asset_order_in_component" classname="org.bonitasoft.web.designer.controller.asset.AssetServiceTest" time="0"/>
  <testcase name="should_throw_IllegalArgument_when_sorting_asset_component_with_no_name" classname="org.bonitasoft.web.designer.controller.asset.AssetServiceTest" time="0"/>
  <testcase name="should_load_default_assets" classname="org.bonitasoft.web.designer.controller.asset.AssetServiceTest" time="0"/>
  <testcase name="should_not_change_asset_state_in_previewable_when_asset_is_already_inactive" classname="org.bonitasoft.web.designer.controller.asset.AssetServiceTest" time="0"/>
  <testcase name="should_compute_order_while_saving_a_new_asset" classname="org.bonitasoft.web.designer.controller.asset.AssetServiceTest" time="0"/>
  <testcase name="should_return_error_when_adding_asset_with_type_invalid" classname="org.bonitasoft.web.designer.controller.asset.AssetServiceTest" time="0"/>
  <testcase name="should_reactive_asset_in_previable_when_asset_is_inactive_in_previewable" classname="org.bonitasoft.web.designer.controller.asset.AssetServiceTest" time="0.004"/>
  <testcase name="should_not_return_error_when_adding_existing_asset_witherror_on_delete" classname="org.bonitasoft.web.designer.controller.asset.AssetServiceTest" time="0.022"/>
  <testcase name="should_return_error_when_uploadind_type_invalid" classname="org.bonitasoft.web.designer.controller.asset.AssetServiceTest" time="0.002"/>
  <testcase name="should_return_error_when_uploading_file_null" classname="org.bonitasoft.web.designer.controller.asset.AssetServiceTest" time="0.006"/>
  <testcase name="should_change_asset_state_in_previewable_when_asset_state_is_inactive" classname="org.bonitasoft.web.designer.controller.asset.AssetServiceTest" time="0"/>
  <testcase name="should_return_error_when_adding_asset_with_name_empty" classname="org.bonitasoft.web.designer.controller.asset.AssetServiceTest" time="0.001"/>
  <testcase name="should_decrement_asset_order_in_component_when_asset_is_the_last" classname="org.bonitasoft.web.designer.controller.asset.AssetServiceTest" time="0.001"/>
  <testcase name="should_check_that_json_is_well_formed_while_uploading_a_json_asset" classname="org.bonitasoft.web.designer.controller.asset.AssetServiceTest" time="0.002"/>
  <testcase name="should_return_error_when_deleting_asset_with_name_empty" classname="org.bonitasoft.web.designer.controller.asset.AssetServiceTest" time="0.001"/>
  <testcase name="should_return_error_when_uploading_with_error_onsave" classname="org.bonitasoft.web.designer.controller.asset.AssetServiceTest" time="0.004"/>
  <testcase name="should_not_decrement_asset_order_in_component_when_asset_is_the_first" classname="org.bonitasoft.web.designer.controller.asset.AssetServiceTest" time="0.002"/>
  <testcase name="should_upload_newfile_and_save_new_asset" classname="org.bonitasoft.web.designer.controller.asset.AssetServiceTest" time="0.01"/>
  <testcase name="should_not_delete_file_for_existing_external_asset" classname="org.bonitasoft.web.designer.controller.asset.AssetServiceTest" time="0.002"/>
  <testcase name="[0] null, /tmp/test3825380547576371346, src-page-id, page-id, source page path is required (should_not_duplicate_asset_when_arg_invalid)" classname="org.bonitasoft.web.designer.controller.asset.AssetServiceTest" time="0.002"/>
  <testcase name="[1] /tmp/test3825380547576371346, null, src-page-id, page-id, target page path is required (should_not_duplicate_asset_when_arg_invalid)" classname="org.bonitasoft.web.designer.controller.asset.AssetServiceTest" time="0.001"/>
  <testcase name="[2] /tmp/test3825380547576371346, /tmp/test3825380547576371346, null, page-id, source page id is required (should_not_duplicate_asset_when_arg_invalid)" classname="org.bonitasoft.web.designer.controller.asset.AssetServiceTest" time="0.001"/>
  <testcase name="[3] /tmp/test3825380547576371346, /tmp/test3825380547576371346, src-page-id, null, target page id is required (should_not_duplicate_asset_when_arg_invalid)" classname="org.bonitasoft.web.designer.controller.asset.AssetServiceTest" time="0.003"/>
  <testcase name="should_upload_a_json_asset" classname="org.bonitasoft.web.designer.controller.asset.AssetServiceTest" time="0.002"/>
  <testcase name="should_increment_asset_order_in_component_when_asset_is_the_first" classname="org.bonitasoft.web.designer.controller.asset.AssetServiceTest" time="0.002"/>
  <testcase name="should_increment_asset_order_in_component" classname="org.bonitasoft.web.designer.controller.asset.AssetServiceTest" time="0.003"/>
  <testcase name="should_duplicate_asset" classname="org.bonitasoft.web.designer.controller.asset.AssetServiceTest" time="0.003"/>
  <testcase name="should_not_increment_asset_order_in_component_when_asset_is_the_last" classname="org.bonitasoft.web.designer.controller.asset.AssetServiceTest" time="0.001"/>
  <testcase name="should_upload_existing_file" classname="org.bonitasoft.web.designer.controller.asset.AssetServiceTest" time="0.001"/>
  <testcase name="should_return_error_when_uploading_file_empty" classname="org.bonitasoft.web.designer.controller.asset.AssetServiceTest" time="0.011"/>
  <testcase name="should_delete_existing_asset" classname="org.bonitasoft.web.designer.controller.asset.AssetServiceTest" time="0.001"/>
  <testcase name="should_update_existing_local_asset" classname="org.bonitasoft.web.designer.controller.asset.AssetServiceTest" time="0.001"/>
</testsuite>