<?xml version="1.0" encoding="UTF-8"?>
<testsuite name="org.bonitasoft.web.designer.studio.repository.RepositoryAspectTest" time="0.034" tests="13" errors="0" skipped="3" failures="0">
  <properties>
[...]
</properties>
  <testcase name="should_trigger_postDelete_on_workspaceResourceHandler_when_deleting_a_form" classname="org.bonitasoft.web.designer.studio.repository.RepositoryAspectTest" time="0.012"/>
  <testcase name="should_throw_an_IllegalArgumentException_when_getting_a_form_with_a_null_id" classname="org.bonitasoft.web.designer.studio.repository.RepositoryAspectTest" time="0">
    <skipped message="Test ignored until we find a solution for BS-14120"/>
  </testcase>
  <testcase name="should_trigger_postSave_on_workspaceResourceHandler_when_saving_on_formRepository" classname="org.bonitasoft.web.designer.studio.repository.RepositoryAspectTest" time="0.002"/>
  <testcase name="should_not_trigger_postSave_on_workspaceResourceHandler_when_saving_several_widgets_in_widgetRepository" classname="org.bonitasoft.web.designer.studio.repository.RepositoryAspectTest" time="0.004"/>
  <testcase name="should_throw_a_RepositoryException_when_saving_if_resource_is_not_found" classname="org.bonitasoft.web.designer.studio.repository.RepositoryAspectTest" time="0.004"/>
  <testcase name="should_throw_a_RepositoryException_when_getting_a_missing_resource" classname="org.bonitasoft.web.designer.studio.repository.RepositoryAspectTest" time="0">
    <skipped message="Test ignored until we find a solution for BS-14120"/>
  </testcase>
  <testcase name="should_throw_an_IllegalArgumentException_when_saving_a_null_reference" classname="org.bonitasoft.web.designer.studio.repository.RepositoryAspectTest" time="0.003"/>
  <testcase name="should_trigger_postSave_on_workspaceResourceHandler_when_saving_and_updating_last_update_date_on_formRepository" classname="org.bonitasoft.web.designer.studio.repository.RepositoryAspectTest" time="0.002"/>
  <testcase name="should_throw_a_RepositoryException_when_getting_a_locked_resource" classname="org.bonitasoft.web.designer.studio.repository.RepositoryAspectTest" time="0">
    <skipped message="Test ignored until we find a solution for BS-14120"/>
  </testcase>
  <testcase name="should_NOT_trigger_preOpen_workspaceResourceHandler_when_getting_a_form" classname="org.bonitasoft.web.designer.studio.repository.RepositoryAspectTest" time="0.002"/>
  <testcase name="should_trigger_postSave_on_workspaceResourceHandler_when_saving_widget_on_widgetRepository" classname="org.bonitasoft.web.designer.studio.repository.RepositoryAspectTest" time="0.002"/>
  <testcase name="should_throw_a_RepositoryException_when_deleting_a_missing_resource" classname="org.bonitasoft.web.designer.studio.repository.RepositoryAspectTest" time="0.002"/>
  <testcase name="should_throw_an_IllegalArgumentException_when_deleting_a_form_with_a_null_id" classname="org.bonitasoft.web.designer.studio.repository.RepositoryAspectTest" time="0.001"/>
</testsuite>