<?xml version="1.0" encoding="UTF-8"?>
<testsuite name="org.bonitasoft.web.designer.repository.AssetRepositoryTest" time="0.075" tests="17" errors="0" skipped="0" failures="0">
  <properties>
[...]
</properties>
  <testcase name="should_throw_NoSuchElementException_when_finding_inexistant_asset" classname="org.bonitasoft.web.designer.repository.AssetRepositoryTest" time="0.002"/>
  <testcase name="should_not_resolveAssetPath_when_asset_invalid" classname="org.bonitasoft.web.designer.repository.AssetRepositoryTest" time="0.001"/>
  <testcase name="should_resolveAssetPath" classname="org.bonitasoft.web.designer.repository.AssetRepositoryTest" time="0.001"/>
  <testcase name="should_throw_NullPointerException_when_find_asset_with_filename_null" classname="org.bonitasoft.web.designer.repository.AssetRepositoryTest" time="0.001"/>
  <testcase name="should_findAssetInPath_asset_when_noone_is_present" classname="org.bonitasoft.web.designer.repository.AssetRepositoryTest" time="0"/>
  <testcase name="should_throw_NullPointerException_when_reading_asset_with_component_id_null" classname="org.bonitasoft.web.designer.repository.AssetRepositoryTest" time="0"/>
  <testcase name="should_delete_asset" classname="org.bonitasoft.web.designer.repository.AssetRepositoryTest" time="0.006"/>
  <testcase name="should_throw_NotFoundException_when_deleting_inexisting_page" classname="org.bonitasoft.web.designer.repository.AssetRepositoryTest" time="0.001"/>
  <testcase name="should_throw_NullPointerException_when_deleting_asset_componentId_null" classname="org.bonitasoft.web.designer.repository.AssetRepositoryTest" time="0.001"/>
  <testcase name="should_readAllBytes_asset" classname="org.bonitasoft.web.designer.repository.AssetRepositoryTest" time="0.002"/>
  <testcase name="should_refresh_component_assets_from_disk" classname="org.bonitasoft.web.designer.repository.AssetRepositoryTest" time="0.006"/>
  <testcase name="should_throw_NullPointerException_when_find_asset_path_with_type_null" classname="org.bonitasoft.web.designer.repository.AssetRepositoryTest" time="0.001"/>
  <testcase name="should_save_asset" classname="org.bonitasoft.web.designer.repository.AssetRepositoryTest" time="0.047"/>
  <testcase name="should_throw_NotFoundException_when_reading_inexisting_page" classname="org.bonitasoft.web.designer.repository.AssetRepositoryTest" time="0.001"/>
  <testcase name="should_find_asset_path_used_by_a_component" classname="org.bonitasoft.web.designer.repository.AssetRepositoryTest" time="0.002"/>
  <testcase name="should_findAssetInPath_asset" classname="org.bonitasoft.web.designer.repository.AssetRepositoryTest" time="0.002"/>
  <testcase name="should_throw_NotAllowedException_when_find_external_asset" classname="org.bonitasoft.web.designer.repository.AssetRepositoryTest" time="0.001"/>
</testsuite>