<?xml version="1.0" encoding="UTF-8"?>
<testsuite name="org.bonitasoft.web.designer.controller.WidgetResourceTest" time="6.831" tests="47" errors="0" skipped="0" failures="0">
  <properties>
[...]
</properties>
  <testcase name="should_not_allow_to_save_a_pb_widget" classname="org.bonitasoft.web.designer.controller.WidgetResourceTest" time="3.873"/>
  <testcase name="should_decrement_an_asset" classname="org.bonitasoft.web.designer.controller.WidgetResourceTest" time="0.07"/>
  <testcase name="should_respond_404_when_widget_or_property_not_found_while_deleting_property" classname="org.bonitasoft.web.designer.controller.WidgetResourceTest" time="0.147"/>
  <testcase name="should_respond_500_when_error_appear_while_saving_property" classname="org.bonitasoft.web.designer.controller.WidgetResourceTest" time="0.092"/>
  <testcase name="should_respond_404_if_trying_to_delete_an_unknown_widget" classname="org.bonitasoft.web.designer.controller.WidgetResourceTest" time="0.042"/>
  <testcase name="should_add_a_property_to_a_widget_and_return_the_list_of_properties" classname="org.bonitasoft.web.designer.controller.WidgetResourceTest" time="0.102"/>
  <testcase name="should_delete_an_asset" classname="org.bonitasoft.web.designer.controller.WidgetResourceTest" time="0.048"/>
  <testcase name="should_not_upload_an_asset" classname="org.bonitasoft.web.designer.controller.WidgetResourceTest" time="0.084"/>
  <testcase name="should_respond_404_not_found_if_custom_widget_is_not_existing_when_renaming" classname="org.bonitasoft.web.designer.controller.WidgetResourceTest" time="0.044"/>
  <testcase name="should_respond_500_internal_server_error_if_an_error_occurs_while_getting_widgets" classname="org.bonitasoft.web.designer.controller.WidgetResourceTest" time="0.038"/>
  <testcase name="should_delete_a_widget" classname="org.bonitasoft.web.designer.controller.WidgetResourceTest" time="0.038"/>
  <testcase name="should_save_a_widget" classname="org.bonitasoft.web.designer.controller.WidgetResourceTest" time="0.096"/>
  <testcase name="should_save_an_external_asset" classname="org.bonitasoft.web.designer.controller.WidgetResourceTest" time="0.067"/>
  <testcase name="should_not_allow_to_delete_a_custom_widget_used_in_another_widget" classname="org.bonitasoft.web.designer.controller.WidgetResourceTest" time="0.033"/>
  <testcase name="should_not_upload_an_asset_for_custom_widget" classname="org.bonitasoft.web.designer.controller.WidgetResourceTest" time="0.031"/>
  <testcase name="should_duplicate_a_widget_from_a_widget" classname="org.bonitasoft.web.designer.controller.WidgetResourceTest" time="0.08"/>
  <testcase name="should_not_allow_to_create_a_widget_with_an_existing_name" classname="org.bonitasoft.web.designer.controller.WidgetResourceTest" time="0.074"/>
  <testcase name="should_not_allow_to_save_a_not_custom_widget" classname="org.bonitasoft.web.designer.controller.WidgetResourceTest" time="0.087"/>
  <testcase name="should_not_allow_to_delete_a_property_of_a_pb_widget" classname="org.bonitasoft.web.designer.controller.WidgetResourceTest" time="0.063"/>
  <testcase name="should_not_save_an_external_asset_for_internal_widget" classname="org.bonitasoft.web.designer.controller.WidgetResourceTest" time="0.052"/>
  <testcase name="should_serve_all_light_widgets_in_repository" classname="org.bonitasoft.web.designer.controller.WidgetResourceTest" time="0.182"/>
  <testcase name="should_respond_500_when_error_appear_while_updating_property" classname="org.bonitasoft.web.designer.controller.WidgetResourceTest" time="0.053"/>
  <testcase name="should_respond_404_when_adding_a_property_to_an_unexisting_widget" classname="org.bonitasoft.web.designer.controller.WidgetResourceTest" time="0.053"/>
  <testcase name="should_get_a_widget_by_its_id" classname="org.bonitasoft.web.designer.controller.WidgetResourceTest" time="0.049"/>
  <testcase name="should_serve_all_widgets_in_repository" classname="org.bonitasoft.web.designer.controller.WidgetResourceTest" time="0.052"/>
  <testcase name="should_unmark_a_page_as_favorite" classname="org.bonitasoft.web.designer.controller.WidgetResourceTest" time="0.046"/>
  <testcase name="should_respond_500_when_widget_asset_included_in_page_produce_IOException" classname="org.bonitasoft.web.designer.controller.WidgetResourceTest" time="0.391"/>
  <testcase name="should_update_a_property_of_a_widget_and_return_the_list_of_properties" classname="org.bonitasoft.web.designer.controller.WidgetResourceTest" time="0"/>
  <testcase name="should_not_allow_to_create_a_widget_with_an_empty_name" classname="org.bonitasoft.web.designer.controller.WidgetResourceTest" time="0.001"/>
  <testcase name="should_not_allow_to_delete_a_pb_widget" classname="org.bonitasoft.web.designer.controller.WidgetResourceTest" time="0"/>
  <testcase name="should_not_allow_to_update_a_property_of_a_pb_widget" classname="org.bonitasoft.web.designer.controller.WidgetResourceTest" time="0.001"/>
  <testcase name="should_load_widget_asset_on_disk_with_content_type_text" classname="org.bonitasoft.web.designer.controller.WidgetResourceTest" time="0.001"/>
  <testcase name="should_not_allow_to_add_a_property_to_a_pb_widget" classname="org.bonitasoft.web.designer.controller.WidgetResourceTest" time="0.038"/>
  <testcase name="should_respond_500_when_error_appear_while_deleting_property" classname="org.bonitasoft.web.designer.controller.WidgetResourceTest" time="0.053"/>
  <testcase name="should_respond_404_when_getting_an_unexisting_widget" classname="org.bonitasoft.web.designer.controller.WidgetResourceTest" time="0.072"/>
  <testcase name="should_increment_an_asset" classname="org.bonitasoft.web.designer.controller.WidgetResourceTest" time="0.04"/>
  <testcase name="should_not_save_an_external_asset_when_upload_send_an_error" classname="org.bonitasoft.web.designer.controller.WidgetResourceTest" time="0.062"/>
  <testcase name="should_respond_404_when_widget_or_property_not_found_while_updating_property" classname="org.bonitasoft.web.designer.controller.WidgetResourceTest" time="0.055"/>
  <testcase name="should_serve_empty_list_if_widget_repository_is_empty" classname="org.bonitasoft.web.designer.controller.WidgetResourceTest" time="0.039"/>
  <testcase name="should_download_widget_asset" classname="org.bonitasoft.web.designer.controller.WidgetResourceTest" time="0.025"/>
  <testcase name="should_upload_a_local_asset" classname="org.bonitasoft.web.designer.controller.WidgetResourceTest" time="0.057"/>
  <testcase name="should_not_allow_to_delete_a_custom_widget_used_in_a_page" classname="org.bonitasoft.web.designer.controller.WidgetResourceTest" time="0.05"/>
  <testcase name="should_mark_a_page_as_favorite" classname="org.bonitasoft.web.designer.controller.WidgetResourceTest" time="0.078"/>
  <testcase name="should_delete_a_property_of_a_widget_and_return_the_list_of_properties" classname="org.bonitasoft.web.designer.controller.WidgetResourceTest" time="0.068"/>
  <testcase name="should_create_a_new_widget" classname="org.bonitasoft.web.designer.controller.WidgetResourceTest" time="0.061"/>
  <testcase name="should_respond_500_internal_server_error_if_an_error_occurs_while_saving_a_widget" classname="org.bonitasoft.web.designer.controller.WidgetResourceTest" time="0.101"/>
  <testcase name="should_respond_404_when_widget_asset_included_in_page_is_not_found" classname="org.bonitasoft.web.designer.controller.WidgetResourceTest" time="0.042"/>
</testsuite>